2022-11-03 22:08:21,705 [INFO] Activator:177 - 


2022-11-03 22:08:21,706 [INFO] Activator:178 - !SESSION log4j initialized
2022-11-03 22:08:25,094 [INFO] McuFinderGlobals:44 - Set McuFinder mode to 2 (CubeIDE integrated)
2022-11-03 22:08:25,680 [INFO] ApplicationProperties:181 - Using Application install path: /opt/st/stm32cubeide_1.10.1/plugins/com.st.stm32cube.common.mx_6.6.1.202207061420
2022-11-03 22:08:25,699 [INFO] DbMcusXml:77 - Set database path to: /opt/st/stm32cubeide_1.10.1/plugins/com.st.stm32cube.common.mx_6.6.1.202207061420//db//mcu/
2022-11-03 22:08:25,700 [INFO] ApiDb:269 - Set plugin database path to: /opt/st/stm32cubeide_1.10.1/plugins/com.st.stm32cube.common.mx_6.6.1.202207061420//db//plugins/boardmanager/
2022-11-03 22:08:25,703 [WARN] ApiDb:254 - Overriding images path with different value:  => /opt/st/stm32cubeide_1.10.1/plugins/com.st.stm32cube.common.mx_6.6.1.202207061420//db//plugins/mcufinder/images/
2022-11-03 22:08:25,718 [INFO] ApiDb:249 - Set database path to: /home/bronzewhale/.stmcufinder/plugins/mcufinder//mcu/
2022-11-03 22:08:25,719 [INFO] DbMcusAds:124 - Set database path to: /home/bronzewhale/.stmcufinder/plugins/mcufinder//mcu/
2022-11-03 22:08:26,723 [INFO] CrossReferenceDbSqlite:201 - Set database path to: /home/bronzewhale/.stmcufinder/plugins/mcufinder//mcu/cs/
2022-11-03 22:08:26,842 [INFO] RulesReader:61 - Compatibility file has been processed (282 Rules)
2022-11-03 22:08:26,888 [INFO] DbMcusXml:77 - Set database path to: /opt/st/stm32cubeide_1.10.1/plugins/com.st.stm32cube.common.mx_6.6.1.202207061420//db//mcu/
2022-11-03 22:08:26,889 [INFO] ApiDb:269 - Set plugin database path to: /opt/st/stm32cubeide_1.10.1/plugins/com.st.stm32cube.common.mx_6.6.1.202207061420//db//plugins/boardmanager/
2022-11-03 22:08:26,889 [INFO] ApiDb:256 - Set plugin images path to: /opt/st/stm32cubeide_1.10.1/plugins/com.st.stm32cube.common.mx_6.6.1.202207061420//db//plugins/mcufinder/images/
2022-11-03 22:08:26,889 [WARN] DbFile:40 - Overriding database path with different value: /home/bronzewhale/.stmcufinder/plugins/mcufinder/ => /home/bronzewhale/.stmcufinder/plugins/mcufinder
2022-11-03 22:08:26,889 [INFO] ApiDb:249 - Set database path to: /home/bronzewhale/.stmcufinder/plugins/mcufinder//mcu/
2022-11-03 22:08:26,890 [WARN] DbFile:40 - Overriding database path with different value: /home/bronzewhale/.stmcufinder/plugins/mcufinder/ => /home/bronzewhale/.stmcufinder/plugins/mcufinder
2022-11-03 22:08:26,890 [INFO] DbMcusAds:124 - Set database path to: /home/bronzewhale/.stmcufinder/plugins/mcufinder//mcu/
2022-11-03 22:08:26,890 [WARN] DbFile:40 - Overriding database path with different value: /home/bronzewhale/.stmcufinder/plugins/mcufinder/ => /home/bronzewhale/.stmcufinder/plugins/mcufinder
2022-11-03 22:08:26,891 [WARN] DbFile:40 - Overriding database path with different value: /home/bronzewhale/.stmcufinder/plugins/mcufinder/ => /home/bronzewhale/.stmcufinder/plugins/mcufinder
2022-11-03 22:08:27,891 [INFO] CrossReferenceDbSqlite:201 - Set database path to: /home/bronzewhale/.stmcufinder/plugins/mcufinder//mcu/cs/
2022-11-03 22:08:27,969 [INFO] MainPanel:242 - HeapMemory: 268435456
2022-11-03 22:08:28,045 [INFO] DbMcusXml:77 - Set database path to: /opt/st/stm32cubeide_1.10.1/plugins/com.st.stm32cube.common.mx_6.6.1.202207061420//db//mcu/
2022-11-03 22:08:28,045 [INFO] ApiDb:269 - Set plugin database path to: /opt/st/stm32cubeide_1.10.1/plugins/com.st.stm32cube.common.mx_6.6.1.202207061420//db//plugins/boardmanager/
2022-11-03 22:08:28,045 [INFO] ApiDb:256 - Set plugin images path to: /opt/st/stm32cubeide_1.10.1/plugins/com.st.stm32cube.common.mx_6.6.1.202207061420//db//plugins/mcufinder/images/
2022-11-03 22:08:28,045 [WARN] DbFile:40 - Overriding database path with different value: /home/bronzewhale/.stmcufinder/plugins/mcufinder/ => /home/bronzewhale/.stmcufinder/plugins/mcufinder
2022-11-03 22:08:28,046 [INFO] ApiDb:249 - Set database path to: /home/bronzewhale/.stmcufinder/plugins/mcufinder//mcu/
2022-11-03 22:08:28,046 [WARN] DbFile:40 - Overriding database path with different value: /home/bronzewhale/.stmcufinder/plugins/mcufinder/ => /home/bronzewhale/.stmcufinder/plugins/mcufinder
2022-11-03 22:08:28,046 [INFO] DbMcusAds:124 - Set database path to: /home/bronzewhale/.stmcufinder/plugins/mcufinder//mcu/
2022-11-03 22:08:28,046 [WARN] DbFile:40 - Overriding database path with different value: /home/bronzewhale/.stmcufinder/plugins/mcufinder/ => /home/bronzewhale/.stmcufinder/plugins/mcufinder
2022-11-03 22:08:28,046 [WARN] DbFile:40 - Overriding database path with different value: /home/bronzewhale/.stmcufinder/plugins/mcufinder/ => /home/bronzewhale/.stmcufinder/plugins/mcufinder
2022-11-03 22:08:29,046 [INFO] CrossReferenceDbSqlite:201 - Set database path to: /home/bronzewhale/.stmcufinder/plugins/mcufinder//mcu/cs/
2022-11-03 22:08:29,084 [INFO] ApplicationProperties:181 - Using Application install path: /opt/st/stm32cubeide_1.10.1/plugins/com.st.stm32cube.common.mx_6.6.1.202207061420
2022-11-03 22:08:29,087 [INFO] PluginManage:193 - Search for loadable plugins [exclusion list=, ]
2022-11-03 22:08:29,089 [INFO] PluginManage:307 - Check plugin analytics
2022-11-03 22:08:30,265 [INFO] AnalyticsPlugin:262 - Accepted Software Licenses: 
2022-11-03 22:08:30,266 [INFO] AnalyticsPlugin:264 - Accepted CMSIS Pack Licenses: 
2022-11-03 22:08:30,266 [INFO] AnalyticsPlugin:266 - Accepted Firmware Licenses: 
2022-11-03 22:08:30,273 [INFO] PluginManage:356 - Loaded plugin analytics (category:tool,tabindex:-1)
2022-11-03 22:08:30,274 [INFO] PluginManage:307 - Check plugin cadmodel
2022-11-03 22:08:30,276 [INFO] CADModel:65 - Init CAD model plugin
2022-11-03 22:08:30,276 [INFO] PluginManage:356 - Loaded plugin cadmodel (category:power,tabindex:5)
2022-11-03 22:08:30,276 [INFO] PluginManage:307 - Check plugin clock
2022-11-03 22:08:30,285 [INFO] PluginManage:356 - Loaded plugin clock (category:base,tabindex:2)
2022-11-03 22:08:30,285 [INFO] PluginManage:307 - Check plugin ddr
2022-11-03 22:08:30,286 [INFO] PluginManage:356 - Loaded plugin ddr (category:tool,tabindex:6)
2022-11-03 22:08:30,286 [INFO] PluginManage:307 - Check plugin filemanager
2022-11-03 22:08:30,402 [INFO] PluginManage:356 - Loaded plugin filemanager (category:base,tabindex:10)
2022-11-03 22:08:30,403 [INFO] PluginManage:307 - Check plugin ipmanager
2022-11-03 22:08:30,408 [INFO] PluginManage:356 - Loaded plugin ipmanager (category:base,tabindex:5)
2022-11-03 22:08:30,408 [INFO] PluginManage:307 - Check plugin lpbam
2022-11-03 22:08:30,415 [INFO] PluginManage:356 - Loaded plugin lpbam (category:base,tabindex:0)
2022-11-03 22:08:30,416 [INFO] PluginManage:307 - Check plugin pinoutandconfiguration
2022-11-03 22:08:30,421 [INFO] PluginManage:356 - Loaded plugin pinoutandconfiguration (category:base,tabindex:1)
2022-11-03 22:08:30,422 [INFO] PluginManage:307 - Check plugin pinoutconfig
2022-11-03 22:08:30,444 [INFO] PluginManage:356 - Loaded plugin pinoutconfig (category:base,tabindex:0)
2022-11-03 22:08:30,445 [INFO] PluginManage:307 - Check plugin power
2022-11-03 22:08:30,451 [INFO] PluginManage:356 - Loaded plugin power (category:power,tabindex:4)
2022-11-03 22:08:30,452 [INFO] PluginManage:307 - Check plugin projectmanager
2022-11-03 22:08:30,470 [INFO] PluginManage:356 - Loaded plugin projectmanager (category:projectmanager,tabindex:3)
2022-11-03 22:08:30,470 [INFO] PluginManage:307 - Check plugin thirdparty
2022-11-03 22:08:30,624 [WARN] IntegrityCheckThread:82 - waiting for thirdparty lock release [integrity check]
2022-11-03 22:08:30,625 [INFO] PluginManage:356 - Loaded plugin thirdparty (category:base,tabindex:-1)
2022-11-03 22:08:30,625 [INFO] IntegrityCheckThread:84 - entering critical section [integrity check]
2022-11-03 22:08:30,625 [INFO] PluginManage:307 - Check plugin tools
2022-11-03 22:08:30,628 [INFO] PluginManage:356 - Loaded plugin tools (category:base,tabindex:7)
2022-11-03 22:08:30,628 [INFO] PluginManage:307 - Check plugin tutovideos
2022-11-03 22:08:30,629 [INFO] ThirdPartyUpdaterWithRetryManager:70 - Updater plugin not ready yet. [1/15]
2022-11-03 22:08:30,798 [INFO] PluginManage:356 - Loaded plugin tutovideos (category:base,tabindex:-1)
2022-11-03 22:08:30,799 [INFO] PluginManage:307 - Check plugin updater
2022-11-03 22:08:30,814 [INFO] PluginManage:356 - Loaded plugin updater (category:base,tabindex:12)
2022-11-03 22:08:30,816 [INFO] PluginManage:280 - PluginManage : Loaded plugins [15]
2022-11-03 22:08:31,075 [INFO] PinOutPanel:1468 - setPackage(No Configuration,No Configuration)
2022-11-03 22:08:31,118 [INFO] CADModel:98 - CPN selected for project level
2022-11-03 22:08:31,133 [INFO] IPUIPlugin:79 - create IPUIPlugin
2022-11-03 22:08:31,133 [INFO] PluginManager:217 - loadIPPluginJar : add adc
2022-11-03 22:08:31,135 [INFO] IPUIPlugin:79 - create IPUIPlugin
2022-11-03 22:08:31,135 [INFO] PluginManager:217 - loadIPPluginJar : add aes
2022-11-03 22:08:31,137 [INFO] IPUIPlugin:79 - create IPUIPlugin
2022-11-03 22:08:31,137 [INFO] PluginManager:217 - loadIPPluginJar : add can
2022-11-03 22:08:31,138 [INFO] IPUIPlugin:79 - create IPUIPlugin
2022-11-03 22:08:31,138 [INFO] PluginManager:217 - loadIPPluginJar : add comp
2022-11-03 22:08:31,140 [INFO] IPUIPlugin:79 - create IPUIPlugin
2022-11-03 22:08:31,141 [INFO] PluginManager:217 - loadIPPluginJar : add cryp
2022-11-03 22:08:31,142 [INFO] IPUIPlugin:79 - create IPUIPlugin
2022-11-03 22:08:31,142 [INFO] PluginManager:217 - loadIPPluginJar : add dfsdm
2022-11-03 22:08:31,147 [INFO] IPUIPlugin:79 - create IPUIPlugin
2022-11-03 22:08:31,147 [INFO] PluginManager:217 - loadIPPluginJar : add dma
2022-11-03 22:08:31,149 [INFO] IPUIPlugin:79 - create IPUIPlugin
2022-11-03 22:08:31,149 [INFO] PluginManager:217 - loadIPPluginJar : add dma3
2022-11-03 22:08:31,150 [INFO] IPUIPlugin:79 - create IPUIPlugin
2022-11-03 22:08:31,150 [INFO] PluginManager:217 - loadIPPluginJar : add fatfs
2022-11-03 22:08:31,154 [INFO] IPUIPlugin:79 - create IPUIPlugin
2022-11-03 22:08:31,154 [INFO] PluginManager:217 - loadIPPluginJar : add fmc
2022-11-03 22:08:31,158 [INFO] IPUIPlugin:79 - create IPUIPlugin
2022-11-03 22:08:31,159 [INFO] PluginManager:217 - loadIPPluginJar : add freertos
2022-11-03 22:08:31,159 [INFO] IPUIPlugin:79 - create IPUIPlugin
2022-11-03 22:08:31,160 [INFO] PluginManager:217 - loadIPPluginJar : add genericplugin
2022-11-03 22:08:31,161 [INFO] IPUIPlugin:79 - create IPUIPlugin
2022-11-03 22:08:31,161 [INFO] PluginManager:217 - loadIPPluginJar : add gfxmmu
2022-11-03 22:08:31,166 [INFO] IPUIPlugin:79 - create IPUIPlugin
2022-11-03 22:08:31,166 [INFO] PluginManager:217 - loadIPPluginJar : add gic
2022-11-03 22:08:31,169 [INFO] IPUIPlugin:79 - create IPUIPlugin
2022-11-03 22:08:31,169 [INFO] PluginManager:217 - loadIPPluginJar : add gpio
2022-11-03 22:08:31,171 [INFO] IPUIPlugin:79 - create IPUIPlugin
2022-11-03 22:08:31,171 [INFO] PluginManager:217 - loadIPPluginJar : add gtzc
2022-11-03 22:08:31,173 [INFO] IPUIPlugin:79 - create IPUIPlugin
2022-11-03 22:08:31,174 [INFO] PluginManager:217 - loadIPPluginJar : add hash
2022-11-03 22:08:31,175 [INFO] IPUIPlugin:79 - create IPUIPlugin
2022-11-03 22:08:31,175 [INFO] PluginManager:217 - loadIPPluginJar : add i2c
2022-11-03 22:08:31,177 [INFO] IPUIPlugin:79 - create IPUIPlugin
2022-11-03 22:08:31,177 [INFO] PluginManager:217 - loadIPPluginJar : add i2s
2022-11-03 22:08:31,180 [INFO] IPUIPlugin:79 - create IPUIPlugin
2022-11-03 22:08:31,181 [INFO] PluginManager:217 - loadIPPluginJar : add ipddr
2022-11-03 22:08:31,191 [INFO] IPUIPlugin:79 - create IPUIPlugin
2022-11-03 22:08:31,191 [INFO] PluginManager:217 - loadIPPluginJar : add linkedlist
2022-11-03 22:08:31,194 [INFO] IPUIPlugin:79 - create IPUIPlugin
2022-11-03 22:08:31,194 [INFO] PluginManager:217 - loadIPPluginJar : add lorawan
2022-11-03 22:08:31,195 [INFO] IPUIPlugin:79 - create IPUIPlugin
2022-11-03 22:08:31,195 [INFO] PluginManager:217 - loadIPPluginJar : add ltdc
2022-11-03 22:08:31,202 [INFO] IPUIPlugin:79 - create IPUIPlugin
2022-11-03 22:08:31,202 [INFO] PluginManager:217 - loadIPPluginJar : add mdma
2022-11-03 22:08:31,206 [INFO] IPUIPlugin:79 - create IPUIPlugin
2022-11-03 22:08:31,206 [INFO] PluginManager:217 - loadIPPluginJar : add nvic
2022-11-03 22:08:31,208 [INFO] IPUIPlugin:79 - create IPUIPlugin
2022-11-03 22:08:31,209 [INFO] PluginManager:217 - loadIPPluginJar : add opamp
2022-11-03 22:08:31,211 [INFO] IPUIPlugin:79 - create IPUIPlugin
2022-11-03 22:08:31,211 [INFO] PluginManager:217 - loadIPPluginJar : add openamp
2022-11-03 22:08:31,213 [INFO] IPUIPlugin:79 - create IPUIPlugin
2022-11-03 22:08:31,213 [INFO] PluginManager:217 - loadIPPluginJar : add pdm2pcm
2022-11-03 22:08:31,221 [INFO] IPUIPlugin:79 - create IPUIPlugin
2022-11-03 22:08:31,226 [INFO] PluginManager:217 - loadIPPluginJar : add plateformsettings
2022-11-03 22:08:31,228 [INFO] IPUIPlugin:79 - create IPUIPlugin
2022-11-03 22:08:31,229 [INFO] PluginManager:217 - loadIPPluginJar : add quadspi
2022-11-03 22:08:31,233 [INFO] IPUIPlugin:79 - create IPUIPlugin
2022-11-03 22:08:31,233 [INFO] PluginManager:217 - loadIPPluginJar : add resmgrutility
2022-11-03 22:08:31,237 [INFO] IPUIPlugin:79 - create IPUIPlugin
2022-11-03 22:08:31,237 [INFO] PluginManager:217 - loadIPPluginJar : add sai
2022-11-03 22:08:31,240 [INFO] IPUIPlugin:79 - create IPUIPlugin
2022-11-03 22:08:31,241 [INFO] PluginManager:217 - loadIPPluginJar : add spi
2022-11-03 22:08:31,247 [INFO] IPUIPlugin:79 - create IPUIPlugin
2022-11-03 22:08:31,247 [INFO] PluginManager:217 - loadIPPluginJar : add stm32_wpan
2022-11-03 22:08:31,249 [INFO] IPUIPlugin:79 - create IPUIPlugin
2022-11-03 22:08:31,250 [INFO] PluginManager:217 - loadIPPluginJar : add tim
2022-11-03 22:08:31,253 [INFO] IPUIPlugin:79 - create IPUIPlugin
2022-11-03 22:08:31,253 [INFO] PluginManager:217 - loadIPPluginJar : add touchsensing
2022-11-03 22:08:31,255 [INFO] IPUIPlugin:79 - create IPUIPlugin
2022-11-03 22:08:31,255 [INFO] PluginManager:217 - loadIPPluginJar : add tracer_emb
2022-11-03 22:08:31,257 [INFO] IPUIPlugin:79 - create IPUIPlugin
2022-11-03 22:08:31,257 [INFO] PluginManager:217 - loadIPPluginJar : add ts
2022-11-03 22:08:31,259 [INFO] IPUIPlugin:79 - create IPUIPlugin
2022-11-03 22:08:31,259 [INFO] PluginManager:217 - loadIPPluginJar : add tsc
2022-11-03 22:08:31,260 [INFO] IPUIPlugin:79 - create IPUIPlugin
2022-11-03 22:08:31,260 [INFO] PluginManager:217 - loadIPPluginJar : add ucpd
2022-11-03 22:08:31,263 [INFO] IPUIPlugin:79 - create IPUIPlugin
2022-11-03 22:08:31,263 [INFO] PluginManager:217 - loadIPPluginJar : add usart
2022-11-03 22:08:31,266 [INFO] IPUIPlugin:79 - create IPUIPlugin
2022-11-03 22:08:31,266 [INFO] PluginManager:217 - loadIPPluginJar : add usbx
2022-11-03 22:08:31,579 [FATAL] Updater:301 - Updater called before beeing initialized
2022-11-03 22:08:31,714 [FATAL] Updater:301 - Updater called before beeing initialized
2022-11-03 22:08:31,722 [INFO] DbMcusAds:52 - JSON generation date=Thu Sep 30 13:56:37 ICT 2021 (1632984997303)
2022-11-03 22:08:31,722 [FATAL] Updater:301 - Updater called before beeing initialized
2022-11-03 22:08:31,754 [WARN] DetailPanel:344 - Failed to get advertising image, set to default
2022-11-03 22:08:31,873 [FATAL] Updater:301 - Updater called before beeing initialized
2022-11-03 22:08:31,875 [FATAL] Updater:301 - Updater called before beeing initialized
2022-11-03 22:08:31,875 [FATAL] Updater:301 - Updater called before beeing initialized
2022-11-03 22:08:31,875 [WARN] DetailPanel:344 - Failed to get advertising image, set to default
2022-11-03 22:08:31,876 [FATAL] Updater:301 - Updater called before beeing initialized
2022-11-03 22:08:31,904 [ERROR] Updater:1105 - MainUpdater not yet initialized. External WinMGr cannot be set.
2022-11-03 22:08:31,906 [INFO] Updater:1041 - Updater Version found : 6.6.1
2022-11-03 22:08:31,922 [INFO] ApplicationProperties:181 - Using Application install path: /opt/st/stm32cubeide_1.10.1/plugins/com.st.stm32cube.common.mx_6.6.1.202207061420
2022-11-03 22:08:32,420 [INFO] MainUpdater:2768 - connection check result : 10
2022-11-03 22:08:32,422 [INFO] MainUpdater:280 - Updater Check For Update Now.
2022-11-03 22:08:32,422 [INFO] MicroXplorer:481 - Change Database Version : DB.6.0.60
2022-11-03 22:08:32,608 [INFO] CheckServerUpdateThread:119 - End of CheckServer Thread
2022-11-03 22:08:32,631 [INFO] MainUpdater:2768 - connection check result : 10
2022-11-03 22:08:32,944 [INFO] McuFinderGlobals:57 - Set McuFinderConnectedMode to true
2022-11-03 22:08:32,955 [INFO] MultiScanPanel:195 - Auto-refresh data requested => check proxy status ongoing
2022-11-03 22:08:32,960 [INFO] FinderPluginLoader:92 - Searching for filters in installed packs
2022-11-03 22:08:33,024 [INFO] ApiDb:576 - Connected to CubeFinder SQLite database (/home/bronzewhale/.stmcufinder/plugins/mcufinder/mcu/cube-finder-db.db)
2022-11-03 22:08:33,039 [INFO] ApiDb:663 - CubeFinder database Data Model version=2.1
2022-11-03 22:08:33,039 [INFO] ApiDb:664 - CubeFinder database Configuration version=3.0.32
2022-11-03 22:08:33,039 [INFO] ApiDb:665 - CubeFinder database generation date=2022-08-05 (1659688109)
2022-11-03 22:08:33,040 [INFO] ApiDb:666 - CubeFinder database FW Pack versions=[STM32Cube_FW_C0_V1.0.0, STM32Cube_FW_F4_V1.27.1, STM32Cube_FW_F7_V1.17.0, STM32Cube_FW_G0_V1.6.1, STM32Cube_FW_G4_V1.5.0, STM32Cube_FW_H7_V1.10.0, STM32Cube_FW_L5_V1.4.0, STM32Cube_FW_U5_V1.1.1, STM32Cube_FW_WB_V1.14.1, STM32Cube_FW_WL_V1.2.0, X-CUBE-ALGOBUILD_V1.3.0, X-CUBE-ALS_V1.0.1, X-CUBE-AZRTOS-F4_V1.1.0, X-CUBE-AZRTOS-F7_V1.1.0, X-CUBE-AZRTOS-G0_V1.1.0, X-CUBE-AZRTOS-G4_V1.0.0, X-CUBE-AZRTOS-H7_V2.1.0, X-CUBE-AZRTOS-L4_V1.0.0, X-CUBE-AZRTOS-L5_V1.0.0, X-CUBE-AZRTOS-WL_V1.0.0, X-CUBE-BLE1_V6.2.3, X-CUBE-BLE2_V3.3.0, X-CUBE-EEPRMA1_V3.1.1, X-CUBE-GNSS1_V6.0.0, X-CUBE-MEMS1_V9.1.0, X-CUBE-MEMS1_V9.3.0, X-CUBE-NFC4_V2.0.4, X-CUBE-NFC7_V1.0.0, X-CUBE-SFXS2LP1_V4.0.0, X-CUBE-SUBG2_V5.0.0]
2022-11-03 22:08:33,756 [WARN] PackLoader:242 - Cannot read IP mode file for STMicroelectronics.X-CUBE-GNSS1.6.0.0
2022-11-03 22:08:33,815 [WARN] PackLoader:242 - Cannot read IP mode file for STMicroelectronics.X-CUBE-AZRTOS-F4.1.1.0
2022-11-03 22:08:33,840 [WARN] PackLoader:242 - Cannot read IP mode file for STMicroelectronics.X-CUBE-BLEMGR.1.2.0
2022-11-03 22:08:33,878 [WARN] PackLoader:242 - Cannot read IP mode file for STMicroelectronics.X-CUBE-AZRTOS-F7.1.1.0
2022-11-03 22:08:33,890 [WARN] PackLoader:242 - Cannot read IP mode file for STMicroelectronics.X-CUBE-BLE1.6.2.3
2022-11-03 22:08:33,903 [WARN] PackLoader:242 - Cannot read IP mode file for emotas.I-CUBE-CANOPEN.1.1.3
2022-11-03 22:08:33,910 [WARN] PackLoader:242 - Cannot read IP mode file for STMicroelectronics.X-CUBE-NFC4.2.0.4
2022-11-03 22:08:33,916 [WARN] PackLoader:242 - Cannot read IP mode file for wolfSSL.I-CUBE-wolfSSL.5.5.1
2022-11-03 22:08:33,921 [WARN] PackLoader:242 - Cannot read IP mode file for STMicroelectronics.X-CUBE-NFC7.1.0.0
2022-11-03 22:08:33,974 [WARN] PackLoader:242 - Cannot read IP mode file for STMicroelectronics.X-CUBE-MEMS1.9.3.0
2022-11-03 22:08:34,104 [WARN] PackLoader:242 - Cannot read IP mode file for STMicroelectronics.X-CUBE-SFXS2LP1.4.0.0
2022-11-03 22:08:34,111 [WARN] PackLoader:242 - Cannot read IP mode file for STMicroelectronics.X-CUBE-BLE2.3.3.0
2022-11-03 22:08:34,118 [WARN] PackLoader:242 - Cannot read IP mode file for STMicroelectronics.X-CUBE-DISPLAY.2.2.0
2022-11-03 22:08:34,129 [WARN] PackLoader:242 - Cannot read IP mode file for STMicroelectronics.X-CUBE-TOF1.3.2.0
2022-11-03 22:08:34,138 [WARN] PackLoader:242 - Cannot read IP mode file for STMicroelectronics.X-CUBE-ISPU.1.0.0
2022-11-03 22:08:34,145 [WARN] PackLoader:242 - Cannot read IP mode file for RoweBots.I-CUBE-UNISONRTOS.5.5.0-4
2022-11-03 22:08:34,162 [WARN] PackLoader:242 - Cannot read IP mode file for STMicroelectronics.X-CUBE-AZRTOS-H7.2.1.0
2022-11-03 22:08:34,169 [WARN] PackLoader:242 - Cannot read IP mode file for STMicroelectronics.X-CUBE-AI.7.3.0
2022-11-03 22:08:34,174 [WARN] PackLoader:242 - Cannot read IP mode file for STMicroelectronics.X-CUBE-ALGOBUILD.1.3.0
2022-11-03 22:08:34,187 [WARN] PackLoader:242 - Cannot read IP mode file for STMicroelectronics.X-CUBE-AZRTOS-G0.1.1.0
2022-11-03 22:08:34,196 [WARN] PackLoader:242 - Cannot read IP mode file for STMicroelectronics.X-CUBE-SUBG2.5.0.0
2022-11-03 22:08:34,231 [WARN] PackLoader:242 - Cannot read IP mode file for SEGGER.I-CUBE-embOS.1.2.1
2022-11-03 22:08:34,261 [WARN] PackLoader:242 - Cannot read IP mode file for STMicroelectronics.FP-ATR-ASTRA1.1.1.1
2022-11-03 22:08:34,269 [WARN] PackLoader:242 - Cannot read IP mode file for STMicroelectronics.X-CUBE-AZRTOS-G4.1.0.0
2022-11-03 22:08:34,272 [WARN] PackLoader:242 - Cannot read IP mode file for STMicroelectronics.FP-ATR-SIGFOX1.3.2.0
2022-11-03 22:08:34,291 [WARN] PackLoader:242 - Cannot read IP mode file for STMicroelectronics.X-CUBE-AZRTOS-L4.1.0.0
2022-11-03 22:08:34,295 [WARN] PackLoader:242 - Cannot read IP mode file for STMicroelectronics.X-CUBE-TOUCHGFX.4.20.0
2022-11-03 22:08:34,302 [WARN] PackLoader:242 - Cannot read IP mode file for STMicroelectronics.X-CUBE-AZRTOS-WL.1.0.0
2022-11-03 22:08:34,305 [WARN] PackLoader:242 - Cannot read IP mode file for portGmbH.I-Cube-SoM-uGOAL.1.1.0
2022-11-03 22:08:34,308 [WARN] PackLoader:242 - Cannot read IP mode file for STMicroelectronics.X-CUBE-ALS.1.0.1
2022-11-03 22:08:34,318 [WARN] PackLoader:242 - Cannot read IP mode file for STMicroelectronics.X-CUBE-AZRTOS-L5.1.0.0
2022-11-03 22:08:34,323 [WARN] PackLoader:242 - Cannot read IP mode file for STMicroelectronics.X-CUBE-EEPRMA1.3.1.1
2022-11-03 22:08:34,325 [INFO] ThirdParty:929 - Integrity check success = true
2022-11-03 22:08:34,325 [INFO] IntegrityCheckThread:98 - exiting critical section [integrity check]
2022-11-03 22:08:34,325 [INFO] IntegrityCheckThread:101 - End integrity checks thread
2022-11-03 22:08:34,945 [INFO] ApiDb:239 - Found 138 in-development CPN: [B-WB1M-WPAN1, NUCLEO-C031C6, STEVAL-STWINBX1, STM320518-EVAL, STM32C0116-DK, STM32C011D6Y3TR, STM32C011D6Y6TR, STM32C011F4P3, STM32C011F4P6, STM32C011F4U3, STM32C011F4U6TR, STM32C011F6P3, STM32C011F6P6, STM32C011F6U3, STM32C011F6U6TR, STM32C011J4M3, STM32C011J4M6, STM32C011J6M3, STM32C011J6M6, STM32C0316-DK, STM32C031C4T3, STM32C031C4T6, STM32C031C4U3, STM32C031C4U6, STM32C031C6T3, STM32C031C6T6, STM32C031C6U3, STM32C031C6U6, STM32C031F4P3, STM32C031F4P6, STM32C031F6P3, STM32C031F6P6, STM32C031G4U3, STM32C031G4U6, STM32C031G6U3, STM32C031G6U6, STM32C031K4T3, STM32C031K4T6, STM32C031K4U3, STM32C031K4U6, STM32C031K6T3, STM32C031K6T6, STM32C031K6U3, STM32C031K6U6, STM32G071K8TXN, STM32G071K8UXN, STM32G081GBU6N, STM32G081KBT6N, STM32G081KBUXN, STM32G0B1CCT6N, STM32G0B1KCT6, STM32G0B1NEY6TR, STM32G0B1RCT6N, STM32G0C1CCT6, STM32G0C1CCT6N, STM32G0C1CCU6N, STM32G0C1CET6N, STM32G0C1CEU6N, STM32G0C1KCT6, STM32G0C1NEY6TR, STM32G0C1RCI6N, STM32G0C1RCT6N, STM32G0C1REI6N, STM32G0C1RET6N, STM32G0C1VCI6, STM32G0C1VEI6, STM32G471CCT6, STM32G471CCU6, STM32G471CET3, STM32G471CET6, STM32G471CEU3, STM32G471CEU6, STM32G471MCT6, STM32G471MET3, STM32G471MET6, STM32G471MEY6TR, STM32G471QCT6, STM32G471QET3, STM32G471RCT6, STM32G471RET3, STM32G471RET6, STM32G471VCH6, STM32G471VCI6, STM32G471VCT6, STM32G471VEH3, STM32G471VEH6, STM32G471VEI3, STM32G471VEI6, STM32G471VET3, STM32G471VET6, STM32G474CCT6, STM32L476VGY6PTR, STM32L4R5QGI6STR, STM32MP131AAE3, STM32MP131AAF3, STM32MP131AAG3, STM32MP131CAE3, STM32MP131CAF3, STM32MP131CAG3, STM32MP131DAE7, STM32MP131DAF7, STM32MP131DAG7, STM32MP131FAE7, STM32MP131FAF7, STM32MP131FAG7, STM32MP133AAE3, STM32MP133AAF3, STM32MP133AAG3, STM32MP133CAE3, STM32MP133CAF3, STM32MP133CAG3, STM32MP133DAE7, STM32MP133DAF7, STM32MP133DAG7, STM32MP133FAE7, STM32MP133FAF7, STM32MP133FAG7, STM32MP135AAE3, STM32MP135AAF3, STM32MP135AAG3, STM32MP135CAE3, STM32MP135CAF3, STM32MP135CAG3, STM32MP135DAE7, STM32MP135DAF7, STM32MP135DAG7, STM32MP135F-DK, STM32MP135FAE7, STM32MP135FAF7, STM32MP135FAG7, STM32U595ZJT6Q, STM32U599BJY6QTR, STM32U599NIH6Q, STM32U599NJH6Q, STM32U5A5ZJT6Q, STM32U5A9BJY6QTR, STM32U5A9NJH6Q, STM32WB1MMCH6]
2022-11-03 22:08:34,953 [INFO] DbMcus:215 - Found 3542 MCUs, 3542 are supported
2022-11-03 22:08:34,957 [INFO] ApiDb:418 - Load user favorites file /home/bronzewhale/.stm32cubeide/favorites.mcus.txt: 0 item(s)
2022-11-03 22:08:34,957 [INFO] ApiDb:422 - User favorites MCUs=[]
2022-11-03 22:08:34,958 [INFO] DbMcus:221 - Set 0 / 0 favorites MCUs
2022-11-03 22:08:36,303 [INFO] LoadUrlFilesThread:177 - End of LoadServerUrlFiles without Thread
2022-11-03 22:08:36,329 [INFO] DetailPanel:339 - Set advertising image to /home/bronzewhale/STM32Cube/Repository//en.Prom_NBSTM32U50921.jpg
2022-11-03 22:08:36,842 [INFO] MultiScanPanel:778 - Auto Refresh Data is not needed
2022-11-03 22:08:36,851 [INFO] ApiDb:663 - CubeFinder database Data Model version=2.1
2022-11-03 22:08:36,852 [INFO] ApiDb:664 - CubeFinder database Configuration version=3.0.32
2022-11-03 22:08:36,852 [INFO] ApiDb:665 - CubeFinder database generation date=2022-08-05 (1659688109)
2022-11-03 22:08:36,852 [INFO] ApiDb:666 - CubeFinder database FW Pack versions=[STM32Cube_FW_C0_V1.0.0, STM32Cube_FW_F4_V1.27.1, STM32Cube_FW_F7_V1.17.0, STM32Cube_FW_G0_V1.6.1, STM32Cube_FW_G4_V1.5.0, STM32Cube_FW_H7_V1.10.0, STM32Cube_FW_L5_V1.4.0, STM32Cube_FW_U5_V1.1.1, STM32Cube_FW_WB_V1.14.1, STM32Cube_FW_WL_V1.2.0, X-CUBE-ALGOBUILD_V1.3.0, X-CUBE-ALS_V1.0.1, X-CUBE-AZRTOS-F4_V1.1.0, X-CUBE-AZRTOS-F7_V1.1.0, X-CUBE-AZRTOS-G0_V1.1.0, X-CUBE-AZRTOS-G4_V1.0.0, X-CUBE-AZRTOS-H7_V2.1.0, X-CUBE-AZRTOS-L4_V1.0.0, X-CUBE-AZRTOS-L5_V1.0.0, X-CUBE-AZRTOS-WL_V1.0.0, X-CUBE-BLE1_V6.2.3, X-CUBE-BLE2_V3.3.0, X-CUBE-EEPRMA1_V3.1.1, X-CUBE-GNSS1_V6.0.0, X-CUBE-MEMS1_V9.1.0, X-CUBE-MEMS1_V9.3.0, X-CUBE-NFC4_V2.0.4, X-CUBE-NFC7_V1.0.0, X-CUBE-SFXS2LP1_V4.0.0, X-CUBE-SUBG2_V5.0.0]
2022-11-03 22:08:36,893 [INFO] DbBoardsSqlite:227 - include board P-NUCLEO-WB55-NUCLEO as a kit item of type 'Nucleo-64'
2022-11-03 22:08:36,893 [INFO] DbBoardsSqlite:227 - include board P-NUCLEO-WB55-USBDONGLE as a kit item of type 'Nucleo USB Dongle'
2022-11-03 22:08:36,893 [INFO] DbBoardsSqlite:227 - include board STEVAL-IDP005V1 as a kit item of type 'Evaluation Board'
2022-11-03 22:08:36,894 [INFO] DbBoardsSqlite:227 - include board STEVAL-IDP005V2 as a kit item of type 'Evaluation Board'
2022-11-03 22:08:36,900 [INFO] ApiDb:239 - Found 138 in-development CPN: [B-WB1M-WPAN1, NUCLEO-C031C6, STEVAL-STWINBX1, STM320518-EVAL, STM32C0116-DK, STM32C011D6Y3TR, STM32C011D6Y6TR, STM32C011F4P3, STM32C011F4P6, STM32C011F4U3, STM32C011F4U6TR, STM32C011F6P3, STM32C011F6P6, STM32C011F6U3, STM32C011F6U6TR, STM32C011J4M3, STM32C011J4M6, STM32C011J6M3, STM32C011J6M6, STM32C0316-DK, STM32C031C4T3, STM32C031C4T6, STM32C031C4U3, STM32C031C4U6, STM32C031C6T3, STM32C031C6T6, STM32C031C6U3, STM32C031C6U6, STM32C031F4P3, STM32C031F4P6, STM32C031F6P3, STM32C031F6P6, STM32C031G4U3, STM32C031G4U6, STM32C031G6U3, STM32C031G6U6, STM32C031K4T3, STM32C031K4T6, STM32C031K4U3, STM32C031K4U6, STM32C031K6T3, STM32C031K6T6, STM32C031K6U3, STM32C031K6U6, STM32G071K8TXN, STM32G071K8UXN, STM32G081GBU6N, STM32G081KBT6N, STM32G081KBUXN, STM32G0B1CCT6N, STM32G0B1KCT6, STM32G0B1NEY6TR, STM32G0B1RCT6N, STM32G0C1CCT6, STM32G0C1CCT6N, STM32G0C1CCU6N, STM32G0C1CET6N, STM32G0C1CEU6N, STM32G0C1KCT6, STM32G0C1NEY6TR, STM32G0C1RCI6N, STM32G0C1RCT6N, STM32G0C1REI6N, STM32G0C1RET6N, STM32G0C1VCI6, STM32G0C1VEI6, STM32G471CCT6, STM32G471CCU6, STM32G471CET3, STM32G471CET6, STM32G471CEU3, STM32G471CEU6, STM32G471MCT6, STM32G471MET3, STM32G471MET6, STM32G471MEY6TR, STM32G471QCT6, STM32G471QET3, STM32G471RCT6, STM32G471RET3, STM32G471RET6, STM32G471VCH6, STM32G471VCI6, STM32G471VCT6, STM32G471VEH3, STM32G471VEH6, STM32G471VEI3, STM32G471VEI6, STM32G471VET3, STM32G471VET6, STM32G474CCT6, STM32L476VGY6PTR, STM32L4R5QGI6STR, STM32MP131AAE3, STM32MP131AAF3, STM32MP131AAG3, STM32MP131CAE3, STM32MP131CAF3, STM32MP131CAG3, STM32MP131DAE7, STM32MP131DAF7, STM32MP131DAG7, STM32MP131FAE7, STM32MP131FAF7, STM32MP131FAG7, STM32MP133AAE3, STM32MP133AAF3, STM32MP133AAG3, STM32MP133CAE3, STM32MP133CAF3, STM32MP133CAG3, STM32MP133DAE7, STM32MP133DAF7, STM32MP133DAG7, STM32MP133FAE7, STM32MP133FAF7, STM32MP133FAG7, STM32MP135AAE3, STM32MP135AAF3, STM32MP135AAG3, STM32MP135CAE3, STM32MP135CAF3, STM32MP135CAG3, STM32MP135DAE7, STM32MP135DAF7, STM32MP135DAG7, STM32MP135F-DK, STM32MP135FAE7, STM32MP135FAF7, STM32MP135FAG7, STM32U595ZJT6Q, STM32U599BJY6QTR, STM32U599NIH6Q, STM32U599NJH6Q, STM32U5A5ZJT6Q, STM32U5A9BJY6QTR, STM32U5A9NJH6Q, STM32WB1MMCH6]
2022-11-03 22:08:36,965 [INFO] BoardInfo:879 - No configuration file found for board P-NUCLEO-WB55
2022-11-03 22:08:36,965 [INFO] DbBoards:156 - Kit is not supported: P-NUCLEO-WB55
2022-11-03 22:08:36,969 [INFO] BoardInfo:879 - No configuration file found for board STEVAL-BFA001V1B
2022-11-03 22:08:36,970 [INFO] DbBoards:156 - Kit is not supported: STEVAL-BFA001V1B
2022-11-03 22:08:36,970 [INFO] BoardInfo:879 - No configuration file found for board STEVAL-BFA001V2B
2022-11-03 22:08:36,970 [INFO] DbBoards:156 - Kit is not supported: STEVAL-BFA001V2B
2022-11-03 22:08:37,043 [INFO] DbBoards:160 - Found 176 boards, 173 are supported
2022-11-03 22:08:37,049 [INFO] ApiDb:418 - Load user favorites file /home/bronzewhale/.stm32cubeide/favorites.boards.txt: 0 item(s)
2022-11-03 22:08:37,049 [INFO] ApiDb:422 - User favorites Boards=[]
2022-11-03 22:08:37,050 [INFO] DbBoards:189 - Set 0 / 0 favorites Boards
2022-11-03 22:08:44,940 [ERROR] LogOutputStream:74 - [STDERR_REDIRECT] SLF4J: Failed to load class "org.slf4j.impl.StaticLoggerBinder".
2022-11-03 22:08:44,941 [ERROR] LogOutputStream:74 - [STDERR_REDIRECT] SLF4J: Defaulting to no-operation (NOP) logger implementation
2022-11-03 22:08:44,941 [ERROR] LogOutputStream:74 - [STDERR_REDIRECT] SLF4J: See http://www.slf4j.org/codes.html#StaticLoggerBinder for further details.
2022-11-03 22:09:01,182 [INFO] MainUpdater:2768 - connection check result : 10
2022-11-03 22:09:01,184 [INFO] MainUpdater:2768 - connection check result : 10
2022-11-03 22:09:01,206 [INFO] MicroXplorer:451 - Change Database Path : 
2022-11-03 22:09:01,207 [INFO] MicroXplorer:481 - Change Database Version : DB.6.0.60
2022-11-03 22:09:01,208 [WARN] ThirdParty:827 - waiting for thirdparty lock release [close project]
2022-11-03 22:09:01,208 [INFO] ThirdParty:829 - entering critical section [close project]
2022-11-03 22:09:01,209 [INFO] ThirdParty:839 - exiting critical section [close project]
2022-11-03 22:09:01,215 [INFO] PinOutPanel:1468 - setPackage(No Configuration,No Configuration)
2022-11-03 22:09:01,221 [INFO] UtilMem:74 - Begin LoadConfig() Used Memory: 160762144 Bytes (340787200)
2022-11-03 22:09:01,222 [INFO] MicroXplorer:451 - Change Database Path : 
2022-11-03 22:09:01,223 [INFO] MicroXplorer:481 - Change Database Version : DB.6.0.60
2022-11-03 22:09:01,223 [INFO] OpenFileManager:307 - Change cursor
2022-11-03 22:09:01,248 [INFO] Mcu:1922 - Initializing MCU STM32F103C6Ux STM32F103C6Ux 
2022-11-03 22:09:01,249 [INFO] Mcu:1935 - No CPN specified => set CPN to STM32F103C6U6A
2022-11-03 22:09:01,846 [INFO] Context:654 - Trying to add GPIOservice into a context  which must be forbidden
2022-11-03 22:09:02,075 [INFO] ImportTextPane:193 - (OptionalMessage_ERROR) Unable to find key (Mcu.ThirdPartyNb) in loaded IOC file
2022-11-03 22:09:02,075 [INFO] ImportTextPane:193 - (OptionalMessage_ERROR) Unable to find key (Mcu.PinsNb) in loaded IOC file
2022-11-03 22:09:02,075 [INFO] ImportTextPane:193 - (OptionalMessage_ERROR) Unable to find key (Mcu.IPNb) in loaded IOC file
2022-11-03 22:09:02,130 [WARN] ApiManager:308 - Cannot register API 'Board Extension:GNSS1A1' from pack STMicroelectronics.X-CUBE-GNSS1.6.0.0: no header file found
2022-11-03 22:09:02,131 [WARN] ApiManager:308 - Cannot register API 'Board Support:Custom' from pack STMicroelectronics.X-CUBE-GNSS1.6.0.0: no header file found
2022-11-03 22:09:02,131 [WARN] ApiManager:308 - Cannot register API 'Data Exchange:lib_gnss' from pack STMicroelectronics.X-CUBE-GNSS1.6.0.0: no header file found
2022-11-03 22:09:02,147 [WARN] ApiManager:308 - Cannot register API 'Wireless:BlueNRG-MS' from pack STMicroelectronics.X-CUBE-BLE1.6.2.3: no header file found
2022-11-03 22:09:02,150 [INFO] RtosManager:488 - Registered RTOS mode: class=CMSIS, group=RTOS, mode=CMSIS_V1, owner=FREERTOS
2022-11-03 22:09:02,150 [INFO] RtosManager:488 - Registered RTOS mode: class=CMSIS, group=RTOS2, mode=CMSIS_V2, owner=FREERTOS
2022-11-03 22:09:02,150 [INFO] RtosManager:488 - Registered RTOS mode: class=RTOS, group=Core, mode=CMSIS_V1, owner=FREERTOS
2022-11-03 22:09:02,150 [INFO] RtosManager:488 - Registered RTOS mode: class=RTOS, group=Core, mode=CMSIS_V2, owner=FREERTOS
2022-11-03 22:09:02,150 [WARN] ModelIntegratedComponent:185 - Missing modes for component STMicroelectronics:FreeRTOS:0.0.1:STMicroelectronics:RTOS:FreeRTOS:Core:::10.2.0:
2022-11-03 22:09:02,158 [WARN] ApiManager:308 - Cannot register API 'Board Extension:S2868A1' from pack STMicroelectronics.X-CUBE-SUBG2.5.0.0: no header file found
2022-11-03 22:09:02,158 [WARN] ApiManager:308 - Cannot register API 'Board Extension:S2868A2' from pack STMicroelectronics.X-CUBE-SUBG2.5.0.0: no header file found
2022-11-03 22:09:02,159 [WARN] ApiManager:308 - Cannot register API 'Board Extension:S2915A1' from pack STMicroelectronics.X-CUBE-SUBG2.5.0.0: no header file found
2022-11-03 22:09:02,166 [WARN] ApiManager:308 - Cannot register API 'Board Extension:NFC04A1' from pack STMicroelectronics.X-CUBE-NFC4.2.0.4: no header file found
2022-11-03 22:09:02,171 [WARN] ModelIntegratedComponent:64 - No mode defined for component null
2022-11-03 22:09:02,171 [WARN] ModelIntegratedComponent:64 - No mode defined for component null
2022-11-03 22:09:02,171 [WARN] ModelIntegratedComponent:64 - No mode defined for component null
2022-11-03 22:09:02,171 [WARN] ModelIntegratedComponent:64 - No mode defined for component null
2022-11-03 22:09:02,171 [WARN] ModelIntegratedComponent:64 - No mode defined for component null
2022-11-03 22:09:02,171 [WARN] ModelIntegratedComponent:64 - No mode defined for component null
2022-11-03 22:09:02,171 [WARN] ModelIntegratedComponent:64 - No mode defined for component null
2022-11-03 22:09:02,171 [WARN] ModelIntegratedComponent:64 - No mode defined for component null
2022-11-03 22:09:02,171 [WARN] ModelIntegratedComponent:64 - No mode defined for component null
2022-11-03 22:09:02,171 [WARN] ModelIntegratedComponent:64 - No mode defined for component null
2022-11-03 22:09:02,172 [WARN] ModelIntegratedComponent:64 - No mode defined for component null
2022-11-03 22:09:02,172 [WARN] ModelIntegratedComponent:64 - No mode defined for component null
2022-11-03 22:09:02,172 [WARN] ModelIntegratedComponent:64 - No mode defined for component null
2022-11-03 22:09:02,172 [WARN] ModelIntegratedComponent:64 - No mode defined for component null
2022-11-03 22:09:02,172 [WARN] ModelIntegratedComponent:64 - No mode defined for component null
2022-11-03 22:09:02,172 [WARN] ModelIntegratedComponent:64 - No mode defined for component null
2022-11-03 22:09:02,172 [WARN] ModelIntegratedComponent:64 - No mode defined for component null
2022-11-03 22:09:02,172 [WARN] ModelIntegratedComponent:64 - No mode defined for component null
2022-11-03 22:09:02,172 [WARN] ModelIntegratedComponent:64 - No mode defined for component null
2022-11-03 22:09:02,172 [WARN] ModelIntegratedComponent:64 - No mode defined for component null
2022-11-03 22:09:02,172 [WARN] ModelIntegratedComponent:64 - No mode defined for component null
2022-11-03 22:09:02,172 [WARN] ModelIntegratedComponent:64 - No mode defined for component null
2022-11-03 22:09:02,172 [WARN] ModelIntegratedComponent:64 - No mode defined for component null
2022-11-03 22:09:02,172 [WARN] ModelIntegratedComponent:64 - No mode defined for component null
2022-11-03 22:09:02,172 [WARN] ModelIntegratedComponent:64 - No mode defined for component null
2022-11-03 22:09:02,173 [WARN] ModelIntegratedComponent:64 - No mode defined for component null
2022-11-03 22:09:02,173 [WARN] ModelIntegratedComponent:64 - No mode defined for component null
2022-11-03 22:09:02,173 [WARN] ModelIntegratedComponent:64 - No mode defined for component null
2022-11-03 22:09:02,173 [WARN] ModelIntegratedComponent:64 - No mode defined for component null
2022-11-03 22:09:02,173 [WARN] ModelIntegratedComponent:64 - No mode defined for component null
2022-11-03 22:09:02,173 [WARN] ModelIntegratedComponent:64 - No mode defined for component null
2022-11-03 22:09:02,173 [WARN] ModelIntegratedComponent:64 - No mode defined for component null
2022-11-03 22:09:02,173 [WARN] ModelIntegratedComponent:64 - No mode defined for component null
2022-11-03 22:09:02,175 [WARN] ApiManager:308 - Cannot register API 'Board Extension:NFC07A1' from pack STMicroelectronics.X-CUBE-NFC7.1.0.0: no header file found
2022-11-03 22:09:02,261 [WARN] ApiManager:308 - Cannot register API 'Board Extension:IKS01A3' from pack STMicroelectronics.X-CUBE-MEMS1.9.3.0: no header file found
2022-11-03 22:09:02,261 [WARN] ApiManager:308 - Cannot register API 'Board Extension:IKS01A2' from pack STMicroelectronics.X-CUBE-MEMS1.9.3.0: no header file found
2022-11-03 22:09:02,261 [WARN] ApiManager:308 - Cannot register API 'Board Extension:IKS02A1' from pack STMicroelectronics.X-CUBE-MEMS1.9.3.0: no header file found
2022-11-03 22:09:02,268 [WARN] ApiManager:308 - Cannot register API 'Board Extension:EEPRMA1' from pack STMicroelectronics.X-CUBE-EEPRMA1.3.1.1: no header file found
2022-11-03 22:09:02,268 [WARN] ApiManager:308 - Cannot register API 'Board Extension:EEPRMA2' from pack STMicroelectronics.X-CUBE-EEPRMA1.3.1.1: no header file found
2022-11-03 22:09:02,269 [WARN] ApiManager:308 - Cannot register API 'Board Extension:S2868A1' from pack STMicroelectronics.X-CUBE-SFXS2LP1.4.0.0: no header file found
2022-11-03 22:09:02,269 [WARN] ApiManager:308 - Cannot register API 'Board Extension:S2868A2' from pack STMicroelectronics.X-CUBE-SFXS2LP1.4.0.0: no header file found
2022-11-03 22:09:02,269 [WARN] ApiManager:308 - Cannot register API 'Board Extension:S2915A1' from pack STMicroelectronics.X-CUBE-SFXS2LP1.4.0.0: no header file found
2022-11-03 22:09:02,270 [WARN] ApiManager:308 - Cannot register API 'Wireless:BlueNRG-2' from pack STMicroelectronics.X-CUBE-BLE2.3.3.0: no header file found
2022-11-03 22:09:02,278 [INFO] ThirdPartyModel:289 - Start build external matchings
2022-11-03 22:09:02,455 [INFO] ThirdPartyModel:302 - End build external matchings
2022-11-03 22:09:02,589 [INFO] UtilMem:74 - End LoadConfig() Used Memory: 243505672 Bytes (340787200)
2022-11-03 22:09:02,599 [WARN] ThirdParty:789 - waiting for thirdparty lock release [change project]
2022-11-03 22:09:02,600 [INFO] ThirdParty:791 - entering critical section [change project]
2022-11-03 22:09:02,600 [INFO] ThirdParty:981 - CMSIS Pack Vendor :RoweBots I-CUBE-UNISONRTOS 5.5.0-4
2022-11-03 22:09:02,600 [INFO] ThirdParty:981 - CMSIS Pack Vendor :STMicroelectronics X-CUBE-GNSS1 6.0.0
2022-11-03 22:09:02,600 [INFO] ThirdParty:981 - CMSIS Pack Vendor :STMicroelectronics X-CUBE-AZRTOS-H7 2.1.0
2022-11-03 22:09:02,600 [INFO] ThirdParty:981 - CMSIS Pack Vendor :STMicroelectronics USB_HOST 2.0.0
2022-11-03 22:09:02,601 [INFO] ThirdParty:981 - CMSIS Pack Vendor :STMicroelectronics X-CUBE-AZRTOS-F4 1.1.0
2022-11-03 22:09:02,601 [INFO] ThirdParty:981 - CMSIS Pack Vendor :STMicroelectronics LIBJPEG 8.0.0
2022-11-03 22:09:02,601 [INFO] ThirdParty:981 - CMSIS Pack Vendor :STMicroelectronics USB_DEVICE 3.0.0
2022-11-03 22:09:02,601 [INFO] ThirdParty:981 - CMSIS Pack Vendor :STMicroelectronics X-CUBE-BLEMGR 1.2.0
2022-11-03 22:09:02,601 [INFO] ThirdParty:981 - CMSIS Pack Vendor :STMicroelectronics X-CUBE-AZRTOS-F7 1.1.0
2022-11-03 22:09:02,601 [INFO] ThirdParty:981 - CMSIS Pack Vendor :STMicroelectronics USB_DEVICE 2.0.0
2022-11-03 22:09:02,601 [INFO] ThirdParty:981 - CMSIS Pack Vendor :STMicroelectronics X-CUBE-AI 7.3.0
2022-11-03 22:09:02,601 [INFO] ThirdParty:981 - CMSIS Pack Vendor :STMicroelectronics X-CUBE-BLE1 6.2.3
2022-11-03 22:09:02,601 [INFO] ThirdParty:981 - CMSIS Pack Vendor :STMicroelectronics X-CUBE-ALGOBUILD 1.3.0
2022-11-03 22:09:02,601 [INFO] ThirdParty:981 - CMSIS Pack Vendor :STMicroelectronics FreeRTOS 0.0.1
2022-11-03 22:09:02,602 [INFO] ThirdParty:981 - CMSIS Pack Vendor :emotas I-CUBE-CANOPEN 1.1.3
2022-11-03 22:09:02,602 [INFO] ThirdParty:981 - CMSIS Pack Vendor :STMicroelectronics X-CUBE-AZRTOS-G0 1.1.0
2022-11-03 22:09:02,602 [INFO] ThirdParty:981 - CMSIS Pack Vendor :STMicroelectronics X-CUBE-SUBG2 5.0.0
2022-11-03 22:09:02,602 [INFO] ThirdParty:981 - CMSIS Pack Vendor :STMicroelectronics STM32_WPAN 1.0.0
2022-11-03 22:09:02,602 [INFO] ThirdParty:981 - CMSIS Pack Vendor :SEGGER I-CUBE-embOS 1.2.1
2022-11-03 22:09:02,602 [INFO] ThirdParty:981 - CMSIS Pack Vendor :STMicroelectronics lwIP 2.0.3
2022-11-03 22:09:02,602 [INFO] ThirdParty:981 - CMSIS Pack Vendor :STMicroelectronics X-CUBE-NFC4 2.0.4
2022-11-03 22:09:02,602 [INFO] ThirdParty:981 - CMSIS Pack Vendor :STMicroelectronics USB_HOST 1.0.0
2022-11-03 22:09:02,602 [INFO] ThirdParty:981 - CMSIS Pack Vendor :STMicroelectronics PDM2PCM 3.1.0
2022-11-03 22:09:02,602 [INFO] ThirdParty:981 - CMSIS Pack Vendor :STMicroelectronics FP-ATR-ASTRA1 1.1.1
2022-11-03 22:09:02,603 [INFO] ThirdParty:981 - CMSIS Pack Vendor :STMicroelectronics PDM2PCM 3.3.0
2022-11-03 22:09:02,603 [INFO] ThirdParty:981 - CMSIS Pack Vendor :STMicroelectronics X-CUBE-AZRTOS-G4 1.0.0
2022-11-03 22:09:02,603 [INFO] ThirdParty:981 - CMSIS Pack Vendor :STMicroelectronics FP-ATR-SIGFOX1 3.2.0
2022-11-03 22:09:02,603 [INFO] ThirdParty:981 - CMSIS Pack Vendor :STMicroelectronics X-CUBE-AZRTOS-L4 1.0.0
2022-11-03 22:09:02,603 [INFO] ThirdParty:981 - CMSIS Pack Vendor :wolfSSL I-CUBE-wolfSSL 5.5.1
2022-11-03 22:09:02,603 [INFO] ThirdParty:981 - CMSIS Pack Vendor :STMicroelectronics HAL Drivers 0.0.0
2022-11-03 22:09:02,603 [INFO] ThirdParty:981 - CMSIS Pack Vendor :STMicroelectronics MBEDTLS 2.16.2
2022-11-03 22:09:02,603 [INFO] ThirdParty:981 - CMSIS Pack Vendor :STMicroelectronics X-CUBE-TOUCHGFX 4.20.0
2022-11-03 22:09:02,603 [INFO] ThirdParty:981 - CMSIS Pack Vendor :STMicroelectronics MBEDTLS 2.14.1
2022-11-03 22:09:02,603 [INFO] ThirdParty:981 - CMSIS Pack Vendor :STMicroelectronics X-CUBE-NFC7 1.0.0
2022-11-03 22:09:02,603 [INFO] ThirdParty:981 - CMSIS Pack Vendor :STMicroelectronics X-CUBE-AZRTOS-WL 1.0.0
2022-11-03 22:09:02,603 [INFO] ThirdParty:981 - CMSIS Pack Vendor :STMicroelectronics X-CUBE-MEMS1 9.3.0
2022-11-03 22:09:02,604 [INFO] ThirdParty:981 - CMSIS Pack Vendor :portGmbH I-Cube-SoM-uGOAL 1.1.0
2022-11-03 22:09:02,604 [INFO] ThirdParty:981 - CMSIS Pack Vendor :STMicroelectronics X-CUBE-ALS 1.0.1
2022-11-03 22:09:02,604 [INFO] ThirdParty:981 - CMSIS Pack Vendor :STMicroelectronics ThreadX 1.0.0
2022-11-03 22:09:02,604 [INFO] ThirdParty:981 - CMSIS Pack Vendor :STMicroelectronics X-CUBE-AZRTOS-L5 1.0.0
2022-11-03 22:09:02,604 [INFO] ThirdParty:981 - CMSIS Pack Vendor :STMicroelectronics USB_DEVICE 1.0.0
2022-11-03 22:09:02,604 [INFO] ThirdParty:981 - CMSIS Pack Vendor :STMicroelectronics X-CUBE-EEPRMA1 3.1.1
2022-11-03 22:09:02,604 [INFO] ThirdParty:981 - CMSIS Pack Vendor :STMicroelectronics ThreadX 0.0.2
2022-11-03 22:09:02,604 [INFO] ThirdParty:981 - CMSIS Pack Vendor :STMicroelectronics lwIP 2.1.2
2022-11-03 22:09:02,604 [INFO] ThirdParty:981 - CMSIS Pack Vendor :STMicroelectronics X-CUBE-SFXS2LP1 4.0.0
2022-11-03 22:09:02,604 [INFO] ThirdParty:981 - CMSIS Pack Vendor :STMicroelectronics X-CUBE-BLE2 3.3.0
2022-11-03 22:09:02,604 [INFO] ThirdParty:981 - CMSIS Pack Vendor :STMicroelectronics X-CUBE-DISPLAY 2.2.0
2022-11-03 22:09:02,604 [INFO] ThirdParty:981 - CMSIS Pack Vendor :STMicroelectronics X-CUBE-TOF1 3.2.0
2022-11-03 22:09:02,604 [INFO] ThirdParty:981 - CMSIS Pack Vendor :STMicroelectronics PDM2PCM 3.2.0
2022-11-03 22:09:02,604 [INFO] ThirdParty:981 - CMSIS Pack Vendor :STMicroelectronics X-CUBE-ISPU 1.0.0
2022-11-03 22:09:02,605 [INFO] ThirdParty:797 - exiting critical section [change project]
2022-11-03 22:09:02,879 [INFO] PinOutPanel:1468 - setPackage(No Configuration,No Configuration)
2022-11-03 22:09:02,881 [INFO] PinOutPanel:1468 - setPackage(STM32F103C6Ux,UFQFPN48)
2022-11-03 22:09:03,220 [INFO] UtilMem:74 - Before build in PCC Used Memory: 233013336 Bytes (340787200)
2022-11-03 22:09:03,723 [INFO] UtilMem:74 - After build in PCC Used Memory: 219513848 Bytes (340787200)
2022-11-03 22:09:03,758 [INFO] IPUIPlugin:79 - create IPUIPlugin
2022-11-03 22:09:03,759 [INFO] IPUIPlugin:79 - create IPUIPlugin
2022-11-03 22:09:03,759 [INFO] IPUIPlugin:79 - create IPUIPlugin
2022-11-03 22:09:03,759 [INFO] IPUIPlugin:79 - create IPUIPlugin
2022-11-03 22:09:03,759 [INFO] IPUIPlugin:79 - create IPUIPlugin
2022-11-03 22:09:03,760 [INFO] IPUIPlugin:79 - create IPUIPlugin
2022-11-03 22:09:03,760 [INFO] IPUIPlugin:79 - create IPUIPlugin
2022-11-03 22:09:03,760 [INFO] IPUIPlugin:79 - create IPUIPlugin
2022-11-03 22:09:03,760 [INFO] IPUIPlugin:79 - create IPUIPlugin
2022-11-03 22:09:03,761 [INFO] IPUIPlugin:79 - create IPUIPlugin
2022-11-03 22:09:03,761 [INFO] IPUIPlugin:79 - create IPUIPlugin
2022-11-03 22:09:03,761 [INFO] IPUIPlugin:79 - create IPUIPlugin
2022-11-03 22:09:03,762 [INFO] IPUIPlugin:79 - create IPUIPlugin
2022-11-03 22:09:03,762 [INFO] IPUIPlugin:79 - create IPUIPlugin
2022-11-03 22:09:03,762 [INFO] IPUIPlugin:79 - create IPUIPlugin
2022-11-03 22:09:03,762 [INFO] IPUIPlugin:79 - create IPUIPlugin
2022-11-03 22:09:03,763 [INFO] IPUIPlugin:79 - create IPUIPlugin
2022-11-03 22:09:03,763 [INFO] IPUIPlugin:79 - create IPUIPlugin
2022-11-03 22:09:03,763 [INFO] IPUIPlugin:79 - create IPUIPlugin
2022-11-03 22:09:03,763 [INFO] IPUIPlugin:79 - create IPUIPlugin
2022-11-03 22:09:03,764 [INFO] IPUIPlugin:79 - create IPUIPlugin
2022-11-03 22:09:03,764 [INFO] IPUIPlugin:79 - create IPUIPlugin
2022-11-03 22:09:03,764 [INFO] IPUIPlugin:79 - create IPUIPlugin
2022-11-03 22:09:03,945 [INFO] OpenFileManager:327 - Restore cursor
2022-11-03 22:09:04,277 [INFO] UtilMem:74 - End SaveConfig() Used Memory: 164220840 Bytes (340787200)
2022-11-03 22:09:04,306 [INFO] UtilMem:74 - End SaveConfig() Used Memory: 173622912 Bytes (340787200)
2022-11-03 22:09:04,763 [INFO] BlockDiagram:2753 - set Specific Code input for plugin: NVIC
2022-11-03 22:09:04,764 [INFO] BlockDiagram:2753 - set Specific Code input for plugin: RCC
2022-11-03 22:09:04,765 [INFO] CodeGenerator:690 - code generatio: config db path: /opt/st/stm32cubeide_1.10.1/plugins/com.st.stm32cube.common.mx_6.6.1.202207061420//db/
2022-11-03 22:09:05,077 [INFO] CodeEngine:245 - oldGeneratedFile, /home/bronzewhale/STM32CubeIDE/microcontroller-hcmut/Lab1/Exercise4/MXTmpFiles/license.tmp_save
2022-11-03 22:09:05,378 [INFO] CodeEngine:269 - Generated code: /home/bronzewhale/STM32CubeIDE/microcontroller-hcmut/Lab1/Exercise4/MXTmpFiles/license.tmp
2022-11-03 22:09:05,390 [INFO] CodeEngine:245 - oldGeneratedFile, /home/bronzewhale/STM32CubeIDE/microcontroller-hcmut/Lab1/Exercise4/Core/Src/stm32f1xx_it.c_save
2022-11-03 22:09:05,535 [INFO] CodeEngine:269 - Generated code: /home/bronzewhale/STM32CubeIDE/microcontroller-hcmut/Lab1/Exercise4/Core/Src/stm32f1xx_it.c
2022-11-03 22:09:05,537 [INFO] CodeEngine:245 - oldGeneratedFile, /home/bronzewhale/STM32CubeIDE/microcontroller-hcmut/Lab1/Exercise4/Core/Inc/stm32f1xx_it.h_save
2022-11-03 22:09:05,618 [INFO] CodeEngine:269 - Generated code: /home/bronzewhale/STM32CubeIDE/microcontroller-hcmut/Lab1/Exercise4/Core/Inc/stm32f1xx_it.h
2022-11-03 22:09:05,685 [INFO] CodeEngine:245 - oldGeneratedFile, /home/bronzewhale/STM32CubeIDE/microcontroller-hcmut/Lab1/Exercise4/Core/Src/stm32f1xx_hal_msp.c_save
2022-11-03 22:09:05,807 [INFO] CodeEngine:269 - Generated code: /home/bronzewhale/STM32CubeIDE/microcontroller-hcmut/Lab1/Exercise4/Core/Src/stm32f1xx_hal_msp.c
2022-11-03 22:09:05,808 [INFO] CodeEngine:245 - oldGeneratedFile, /home/bronzewhale/STM32CubeIDE/microcontroller-hcmut/Lab1/Exercise4/MXTmpFiles/system.tmp_save
2022-11-03 22:09:05,922 [INFO] CodeEngine:269 - Generated code: /home/bronzewhale/STM32CubeIDE/microcontroller-hcmut/Lab1/Exercise4/MXTmpFiles/system.tmp
2022-11-03 22:09:05,925 [INFO] CodeEngine:245 - oldGeneratedFile, /home/bronzewhale/STM32CubeIDE/microcontroller-hcmut/Lab1/Exercise4/Core/Inc/stm32f1xx_hal_conf.h_save
2022-11-03 22:09:06,021 [INFO] CodeEngine:269 - Generated code: /home/bronzewhale/STM32CubeIDE/microcontroller-hcmut/Lab1/Exercise4/Core/Inc/stm32f1xx_hal_conf.h
2022-11-03 22:09:06,052 [INFO] CodeEngine:245 - oldGeneratedFile, /home/bronzewhale/STM32CubeIDE/microcontroller-hcmut/Lab1/Exercise4/Core/Inc/main.h_save
2022-11-03 22:09:06,139 [INFO] CodeEngine:269 - Generated code: /home/bronzewhale/STM32CubeIDE/microcontroller-hcmut/Lab1/Exercise4/Core/Inc/main.h
2022-11-03 22:09:06,140 [INFO] CodeEngine:245 - oldGeneratedFile, /home/bronzewhale/STM32CubeIDE/microcontroller-hcmut/Lab1/Exercise4/Core/Src/main.c_save
2022-11-03 22:09:06,298 [INFO] CodeEngine:269 - Generated code: /home/bronzewhale/STM32CubeIDE/microcontroller-hcmut/Lab1/Exercise4/Core/Src/main.c
2022-11-03 22:09:07,055 [INFO] ProjectBuilder:2919 - Time for Copy HAL[1] : 17mS.
2022-11-03 22:09:07,067 [INFO] ProjectBuilder:4117 - Project Generator version: 3.17.1
2022-11-03 22:09:07,530 [INFO] ConfigFileManager:1394 - The Die is : DIE412
2022-11-03 22:09:07,538 [INFO] ApiDbMcu:505 - Load IP Config File for FATFS
2022-11-03 22:09:07,546 [INFO] ApiDbMcu:505 - Load IP Config File for FREERTOS
2022-11-03 22:09:07,554 [INFO] ApiDbMcu:505 - Load IP Config File for USB_DEVICE
2022-11-03 22:09:10,894 [INFO] ProjectBuilder:4285 - Time for Generating toolchain IDE Files: 3827mS.
2022-11-03 22:09:10,895 [INFO] ProjectBuilder:2790 - Time for Copy CMSIS : 0mS.
2022-11-03 22:09:10,895 [INFO] ProjectBuilder:2790 - Time for Copy CMSIS : 0mS.
2022-11-03 22:09:11,429 [INFO] McuFinderGlobals:57 - Set McuFinderConnectedMode to true
2022-11-03 22:09:11,431 [INFO] ApiDb:443 - Save user favorites file /home/bronzewhale/.stm32cubeide/favorites.mcus.txt: 0 item(s)
2022-11-03 22:09:11,432 [INFO] ApiDb:447 - User favorites MCUs=[]
2022-11-03 22:10:52,421 [INFO] UtilMem:74 - End SaveConfig() Used Memory: 504610416 Bytes (662700032)
2022-11-03 22:10:55,151 [INFO] UtilMem:74 - End SaveConfig() Used Memory: 522197728 Bytes (662700032)
2022-11-03 22:11:00,475 [INFO] UtilMem:74 - End SaveConfig() Used Memory: 536271840 Bytes (662700032)
2022-11-03 22:11:00,659 [INFO] BlockDiagram:2753 - set Specific Code input for plugin: NVIC
2022-11-03 22:11:00,659 [INFO] BlockDiagram:2753 - set Specific Code input for plugin: GPIO
2022-11-03 22:11:00,659 [INFO] BlockDiagram:2753 - set Specific Code input for plugin: RCC
2022-11-03 22:11:00,659 [INFO] CodeGenerator:690 - code generatio: config db path: /opt/st/stm32cubeide_1.10.1/plugins/com.st.stm32cube.common.mx_6.6.1.202207061420//db/
2022-11-03 22:11:00,789 [INFO] CodeEngine:245 - oldGeneratedFile, /home/bronzewhale/STM32CubeIDE/microcontroller-hcmut/Lab1/Exercise4/MXTmpFiles/license.tmp_save
2022-11-03 22:11:00,856 [INFO] CodeEngine:269 - Generated code: /home/bronzewhale/STM32CubeIDE/microcontroller-hcmut/Lab1/Exercise4/MXTmpFiles/license.tmp
2022-11-03 22:11:00,919 [INFO] CodeEngine:245 - oldGeneratedFile, /home/bronzewhale/STM32CubeIDE/microcontroller-hcmut/Lab1/Exercise4/MXTmpFiles/gpio.tmp_save
2022-11-03 22:11:00,993 [INFO] CodeEngine:269 - Generated code: /home/bronzewhale/STM32CubeIDE/microcontroller-hcmut/Lab1/Exercise4/MXTmpFiles/gpio.tmp
2022-11-03 22:11:00,995 [INFO] CodeEngine:245 - oldGeneratedFile, /home/bronzewhale/STM32CubeIDE/microcontroller-hcmut/Lab1/Exercise4/Core/Src/stm32f1xx_it.c_save
2022-11-03 22:11:01,066 [INFO] CodeEngine:269 - Generated code: /home/bronzewhale/STM32CubeIDE/microcontroller-hcmut/Lab1/Exercise4/Core/Src/stm32f1xx_it.c
2022-11-03 22:11:01,067 [INFO] CodeEngine:245 - oldGeneratedFile, /home/bronzewhale/STM32CubeIDE/microcontroller-hcmut/Lab1/Exercise4/Core/Inc/stm32f1xx_it.h_save
2022-11-03 22:11:01,161 [INFO] CodeEngine:269 - Generated code: /home/bronzewhale/STM32CubeIDE/microcontroller-hcmut/Lab1/Exercise4/Core/Inc/stm32f1xx_it.h
2022-11-03 22:11:01,175 [INFO] CodeEngine:245 - oldGeneratedFile, /home/bronzewhale/STM32CubeIDE/microcontroller-hcmut/Lab1/Exercise4/Core/Src/stm32f1xx_hal_msp.c_save
2022-11-03 22:11:01,300 [INFO] CodeEngine:269 - Generated code: /home/bronzewhale/STM32CubeIDE/microcontroller-hcmut/Lab1/Exercise4/Core/Src/stm32f1xx_hal_msp.c
2022-11-03 22:11:01,301 [INFO] CodeEngine:245 - oldGeneratedFile, /home/bronzewhale/STM32CubeIDE/microcontroller-hcmut/Lab1/Exercise4/MXTmpFiles/system.tmp_save
2022-11-03 22:11:01,369 [INFO] CodeEngine:269 - Generated code: /home/bronzewhale/STM32CubeIDE/microcontroller-hcmut/Lab1/Exercise4/MXTmpFiles/system.tmp
2022-11-03 22:11:01,371 [INFO] CodeEngine:245 - oldGeneratedFile, /home/bronzewhale/STM32CubeIDE/microcontroller-hcmut/Lab1/Exercise4/Core/Inc/stm32f1xx_hal_conf.h_save
2022-11-03 22:11:01,445 [INFO] CodeEngine:269 - Generated code: /home/bronzewhale/STM32CubeIDE/microcontroller-hcmut/Lab1/Exercise4/Core/Inc/stm32f1xx_hal_conf.h
2022-11-03 22:11:01,452 [INFO] CodeEngine:245 - oldGeneratedFile, /home/bronzewhale/STM32CubeIDE/microcontroller-hcmut/Lab1/Exercise4/Core/Inc/main.h_save
2022-11-03 22:11:01,540 [INFO] CodeEngine:269 - Generated code: /home/bronzewhale/STM32CubeIDE/microcontroller-hcmut/Lab1/Exercise4/Core/Inc/main.h
2022-11-03 22:11:01,542 [INFO] CodeEngine:245 - oldGeneratedFile, /home/bronzewhale/STM32CubeIDE/microcontroller-hcmut/Lab1/Exercise4/Core/Src/main.c_save
2022-11-03 22:11:01,680 [INFO] CodeEngine:269 - Generated code: /home/bronzewhale/STM32CubeIDE/microcontroller-hcmut/Lab1/Exercise4/Core/Src/main.c
2022-11-03 22:11:02,172 [INFO] ProjectBuilder:2919 - Time for Copy HAL[1] : 15mS.
2022-11-03 22:11:02,174 [INFO] ProjectBuilder:4117 - Project Generator version: 3.17.1
2022-11-03 22:11:02,452 [INFO] ConfigFileManager:1394 - The Die is : DIE412
2022-11-03 22:11:03,486 [INFO] ProjectBuilder:4285 - Time for Generating toolchain IDE Files: 1311mS.
2022-11-03 22:11:03,486 [INFO] ProjectBuilder:2790 - Time for Copy CMSIS : 0mS.
2022-11-03 22:11:03,487 [INFO] ProjectBuilder:2790 - Time for Copy CMSIS : 0mS.
