2022-11-03 15:33:57,588 [INFO] Activator:177 - 


2022-11-03 15:33:57,589 [INFO] Activator:178 - !SESSION log4j initialized
2022-11-03 15:35:01,545 [INFO] Activator:177 - 


2022-11-03 15:35:01,546 [INFO] Activator:178 - !SESSION log4j initialized
2022-11-03 15:36:56,283 [INFO] Activator:177 - 


2022-11-03 15:36:56,284 [INFO] Activator:178 - !SESSION log4j initialized
2022-11-03 15:37:19,464 [ERROR] LogOutputStream:74 - [STDERR_REDIRECT] SLF4J: Failed to load class "org.slf4j.impl.StaticLoggerBinder".
2022-11-03 15:37:19,465 [ERROR] LogOutputStream:74 - [STDERR_REDIRECT] SLF4J: Defaulting to no-operation (NOP) logger implementation
2022-11-03 15:37:19,466 [ERROR] LogOutputStream:74 - [STDERR_REDIRECT] SLF4J: See http://www.slf4j.org/codes.html#StaticLoggerBinder for further details.
2022-11-03 15:46:41,746 [INFO] McuFinderGlobals:44 - Set McuFinder mode to 2 (CubeIDE integrated)
2022-11-03 15:46:42,978 [INFO] ApplicationProperties:181 - Using Application install path: C:\ST\STM32CubeIDE_1.10.1\STM32CubeIDE\plugins\com.st.stm32cube.common.mx_6.6.1.202207061420
2022-11-03 15:46:42,996 [INFO] DbMcusXml:77 - Set database path to: C:\ST\STM32CubeIDE_1.10.1\STM32CubeIDE\plugins\com.st.stm32cube.common.mx_6.6.1.202207061420\\db\/mcu/
2022-11-03 15:46:42,997 [INFO] ApiDb:269 - Set plugin database path to: C:\ST\STM32CubeIDE_1.10.1\STM32CubeIDE\plugins\com.st.stm32cube.common.mx_6.6.1.202207061420\\db\/plugins/boardmanager/
2022-11-03 15:46:42,998 [WARN] ApiDb:254 - Overriding images path with different value:  => C:\ST\STM32CubeIDE_1.10.1\STM32CubeIDE\plugins\com.st.stm32cube.common.mx_6.6.1.202207061420\\db\/plugins/mcufinder/images/
2022-11-03 15:46:43,790 [ERROR] ApiFinderProperties:228 - Failed to read file additional_hw_images/X-NUCLEO-S2915A1.jpg: C:\Users\nguye\.stmcufinder\plugins\mcufinder\mcu\additional_hw_images\X-NUCLEO-S2915A1.jpg (The system cannot find the path specified)
2022-11-03 15:46:43,792 [ERROR] ApiFinderProperties:228 - Failed to read file additional_hw_images/X-NUCLEO-S2868A2.jpg: C:\Users\nguye\.stmcufinder\plugins\mcufinder\mcu\additional_hw_images\X-NUCLEO-S2868A2.jpg (The system cannot find the path specified)
2022-11-03 15:46:43,793 [ERROR] ApiFinderProperties:228 - Failed to read file additional_hw_images/X-NUCLEO-S2868A1.jpg: C:\Users\nguye\.stmcufinder\plugins\mcufinder\mcu\additional_hw_images\X-NUCLEO-S2868A1.jpg (The system cannot find the path specified)
2022-11-03 15:46:43,795 [ERROR] ApiFinderProperties:228 - Failed to read file additional_hw_images/X-NUCLEO-NFC07A1.jpg: C:\Users\nguye\.stmcufinder\plugins\mcufinder\mcu\additional_hw_images\X-NUCLEO-NFC07A1.jpg (The system cannot find the path specified)
2022-11-03 15:46:43,799 [ERROR] ApiFinderProperties:228 - Failed to read file additional_hw_images/X-NUCLEO-NFC04A1.jpg: C:\Users\nguye\.stmcufinder\plugins\mcufinder\mcu\additional_hw_images\X-NUCLEO-NFC04A1.jpg (The system cannot find the path specified)
2022-11-03 15:46:43,800 [ERROR] ApiFinderProperties:228 - Failed to read file additional_hw_images/X-NUCLEO-IKS02A1.jpg: C:\Users\nguye\.stmcufinder\plugins\mcufinder\mcu\additional_hw_images\X-NUCLEO-IKS02A1.jpg (The system cannot find the path specified)
2022-11-03 15:46:43,803 [ERROR] ApiFinderProperties:228 - Failed to read file additional_hw_images/X-NUCLEO-IKS01A3.jpg: C:\Users\nguye\.stmcufinder\plugins\mcufinder\mcu\additional_hw_images\X-NUCLEO-IKS01A3.jpg (The system cannot find the path specified)
2022-11-03 15:46:43,806 [ERROR] ApiFinderProperties:228 - Failed to read file additional_hw_images/X-NUCLEO-IKS01A2.jpg: C:\Users\nguye\.stmcufinder\plugins\mcufinder\mcu\additional_hw_images\X-NUCLEO-IKS01A2.jpg (The system cannot find the path specified)
2022-11-03 15:46:43,811 [ERROR] ApiFinderProperties:228 - Failed to read file additional_hw_images/X-NUCLEO-IDB05A2.jpg: C:\Users\nguye\.stmcufinder\plugins\mcufinder\mcu\additional_hw_images\X-NUCLEO-IDB05A2.jpg (The system cannot find the path specified)
2022-11-03 15:46:43,811 [ERROR] ApiFinderProperties:228 - Failed to read file additional_hw_images/X-NUCLEO-GNSS1A1.jpg: C:\Users\nguye\.stmcufinder\plugins\mcufinder\mcu\additional_hw_images\X-NUCLEO-GNSS1A1.jpg (The system cannot find the path specified)
2022-11-03 15:46:43,813 [ERROR] ApiFinderProperties:228 - Failed to read file additional_hw_images/X-NUCLEO-EEPRMA2.jpg: C:\Users\nguye\.stmcufinder\plugins\mcufinder\mcu\additional_hw_images\X-NUCLEO-EEPRMA2.jpg (The system cannot find the path specified)
2022-11-03 15:46:43,815 [ERROR] ApiFinderProperties:228 - Failed to read file additional_hw_images/X-NUCLEO-EEPRMA1.jpg: C:\Users\nguye\.stmcufinder\plugins\mcufinder\mcu\additional_hw_images\X-NUCLEO-EEPRMA1.jpg (The system cannot find the path specified)
2022-11-03 15:46:43,816 [ERROR] ApiFinderProperties:228 - Failed to read file additional_hw_images/X-NUCLEO-BNRG2A1.jpg: C:\Users\nguye\.stmcufinder\plugins\mcufinder\mcu\additional_hw_images\X-NUCLEO-BNRG2A1.jpg (The system cannot find the path specified)
2022-11-03 15:46:43,818 [ERROR] ApiFinderProperties:228 - Failed to read file additional_hw_images/X-NUCLEO-6283A1.jpg: C:\Users\nguye\.stmcufinder\plugins\mcufinder\mcu\additional_hw_images\X-NUCLEO-6283A1.jpg (The system cannot find the path specified)
2022-11-03 15:46:43,819 [ERROR] ApiFinderProperties:228 - Failed to read file additional_hw_images/VD6283TX.jpg: C:\Users\nguye\.stmcufinder\plugins\mcufinder\mcu\additional_hw_images\VD6283TX.jpg (The system cannot find the path specified)
2022-11-03 15:46:43,820 [ERROR] ApiFinderProperties:228 - Failed to read file additional_hw_images/Teseo-LIV3F.jpg: C:\Users\nguye\.stmcufinder\plugins\mcufinder\mcu\additional_hw_images\Teseo-LIV3F.jpg (The system cannot find the path specified)
2022-11-03 15:46:43,821 [ERROR] ApiFinderProperties:228 - Failed to read file additional_hw_images/STTS751.jpg: C:\Users\nguye\.stmcufinder\plugins\mcufinder\mcu\additional_hw_images\STTS751.jpg (The system cannot find the path specified)
2022-11-03 15:46:43,821 [ERROR] ApiFinderProperties:228 - Failed to read file additional_hw_images/STEVAL-MKI209V1K.jpg: C:\Users\nguye\.stmcufinder\plugins\mcufinder\mcu\additional_hw_images\STEVAL-MKI209V1K.jpg (The system cannot find the path specified)
2022-11-03 15:46:43,823 [ERROR] ApiFinderProperties:228 - Failed to read file additional_hw_images/ST25DV64KC.jpg: C:\Users\nguye\.stmcufinder\plugins\mcufinder\mcu\additional_hw_images\ST25DV64KC.jpg (The system cannot find the path specified)
2022-11-03 15:46:43,823 [ERROR] ApiFinderProperties:228 - Failed to read file additional_hw_images/ST25DV04K.jpg: C:\Users\nguye\.stmcufinder\plugins\mcufinder\mcu\additional_hw_images\ST25DV04K.jpg (The system cannot find the path specified)
2022-11-03 15:46:43,824 [ERROR] ApiFinderProperties:228 - Failed to read file additional_hw_images/S2-LP.jpg: C:\Users\nguye\.stmcufinder\plugins\mcufinder\mcu\additional_hw_images\S2-LP.jpg (The system cannot find the path specified)
2022-11-03 15:46:43,824 [ERROR] ApiFinderProperties:228 - Failed to read file additional_hw_images/M95M04-DR.jpg: C:\Users\nguye\.stmcufinder\plugins\mcufinder\mcu\additional_hw_images\M95M04-DR.jpg (The system cannot find the path specified)
2022-11-03 15:46:43,825 [ERROR] ApiFinderProperties:228 - Failed to read file additional_hw_images/M95M01-DF.jpg: C:\Users\nguye\.stmcufinder\plugins\mcufinder\mcu\additional_hw_images\M95M01-DF.jpg (The system cannot find the path specified)
2022-11-03 15:46:43,825 [ERROR] ApiFinderProperties:228 - Failed to read file additional_hw_images/M95256-DF.jpg: C:\Users\nguye\.stmcufinder\plugins\mcufinder\mcu\additional_hw_images\M95256-DF.jpg (The system cannot find the path specified)
2022-11-03 15:46:43,825 [ERROR] ApiFinderProperties:228 - Failed to read file additional_hw_images/M95040-R.jpg: C:\Users\nguye\.stmcufinder\plugins\mcufinder\mcu\additional_hw_images\M95040-R.jpg (The system cannot find the path specified)
2022-11-03 15:46:43,826 [ERROR] ApiFinderProperties:228 - Failed to read file additional_hw_images/M24M01-DF.jpg: C:\Users\nguye\.stmcufinder\plugins\mcufinder\mcu\additional_hw_images\M24M01-DF.jpg (The system cannot find the path specified)
2022-11-03 15:46:43,826 [ERROR] ApiFinderProperties:228 - Failed to read file additional_hw_images/M24C02-F.jpg: C:\Users\nguye\.stmcufinder\plugins\mcufinder\mcu\additional_hw_images\M24C02-F.jpg (The system cannot find the path specified)
2022-11-03 15:46:43,826 [ERROR] ApiFinderProperties:228 - Failed to read file additional_hw_images/M24256-DF.jpg: C:\Users\nguye\.stmcufinder\plugins\mcufinder\mcu\additional_hw_images\M24256-DF.jpg (The system cannot find the path specified)
2022-11-03 15:46:43,826 [ERROR] ApiFinderProperties:228 - Failed to read file additional_hw_images/LSM6DSO.jpg: C:\Users\nguye\.stmcufinder\plugins\mcufinder\mcu\additional_hw_images\LSM6DSO.jpg (The system cannot find the path specified)
2022-11-03 15:46:43,827 [ERROR] ApiFinderProperties:228 - Failed to read file additional_hw_images/LSM6DSL.jpg: C:\Users\nguye\.stmcufinder\plugins\mcufinder\mcu\additional_hw_images\LSM6DSL.jpg (The system cannot find the path specified)
2022-11-03 15:46:43,828 [ERROR] ApiFinderProperties:228 - Failed to read file additional_hw_images/LSM303AGR.jpg: C:\Users\nguye\.stmcufinder\plugins\mcufinder\mcu\additional_hw_images\LSM303AGR.jpg (The system cannot find the path specified)
2022-11-03 15:46:43,829 [ERROR] ApiFinderProperties:228 - Failed to read file additional_hw_images/LPS22HH.jpg: C:\Users\nguye\.stmcufinder\plugins\mcufinder\mcu\additional_hw_images\LPS22HH.jpg (The system cannot find the path specified)
2022-11-03 15:46:43,829 [ERROR] ApiFinderProperties:228 - Failed to read file additional_hw_images/LPS22HB.jpg: C:\Users\nguye\.stmcufinder\plugins\mcufinder\mcu\additional_hw_images\LPS22HB.jpg (The system cannot find the path specified)
2022-11-03 15:46:43,830 [ERROR] ApiFinderProperties:228 - Failed to read file additional_hw_images/LIS2MDL.jpg: C:\Users\nguye\.stmcufinder\plugins\mcufinder\mcu\additional_hw_images\LIS2MDL.jpg (The system cannot find the path specified)
2022-11-03 15:46:43,831 [ERROR] ApiFinderProperties:228 - Failed to read file additional_hw_images/LIS2DW12.jpg: C:\Users\nguye\.stmcufinder\plugins\mcufinder\mcu\additional_hw_images\LIS2DW12.jpg (The system cannot find the path specified)
2022-11-03 15:46:43,832 [ERROR] ApiFinderProperties:228 - Failed to read file additional_hw_images/ISM330DHCX.jpg: C:\Users\nguye\.stmcufinder\plugins\mcufinder\mcu\additional_hw_images\ISM330DHCX.jpg (The system cannot find the path specified)
2022-11-03 15:46:43,832 [ERROR] ApiFinderProperties:228 - Failed to read file additional_hw_images/IMP34DT05.jpg: C:\Users\nguye\.stmcufinder\plugins\mcufinder\mcu\additional_hw_images\IMP34DT05.jpg (The system cannot find the path specified)
2022-11-03 15:46:43,833 [ERROR] ApiFinderProperties:228 - Failed to read file additional_hw_images/IIS2MDC.jpg: C:\Users\nguye\.stmcufinder\plugins\mcufinder\mcu\additional_hw_images\IIS2MDC.jpg (The system cannot find the path specified)
2022-11-03 15:46:43,839 [ERROR] ApiFinderProperties:228 - Failed to read file additional_hw_images/IIS2ICLX.jpg: C:\Users\nguye\.stmcufinder\plugins\mcufinder\mcu\additional_hw_images\IIS2ICLX.jpg (The system cannot find the path specified)
2022-11-03 15:46:43,840 [ERROR] ApiFinderProperties:228 - Failed to read file additional_hw_images/IIS2DLPC.jpg: C:\Users\nguye\.stmcufinder\plugins\mcufinder\mcu\additional_hw_images\IIS2DLPC.jpg (The system cannot find the path specified)
2022-11-03 15:46:43,841 [ERROR] ApiFinderProperties:228 - Failed to read file additional_hw_images/HTS221.jpg: C:\Users\nguye\.stmcufinder\plugins\mcufinder\mcu\additional_hw_images\HTS221.jpg (The system cannot find the path specified)
2022-11-03 15:46:43,841 [ERROR] ApiFinderProperties:228 - Failed to read file additional_hw_images/BlueNRG-M2SP.jpg: C:\Users\nguye\.stmcufinder\plugins\mcufinder\mcu\additional_hw_images\BlueNRG-M2SP.jpg (The system cannot find the path specified)
2022-11-03 15:46:43,842 [ERROR] ApiFinderProperties:228 - Failed to read file additional_hw_images/BlueNRG-M0.jpg: C:\Users\nguye\.stmcufinder\plugins\mcufinder\mcu\additional_hw_images\BlueNRG-M0.jpg (The system cannot find the path specified)
2022-11-03 15:46:43,877 [WARN] ApiFinderProperties:110 - C:\Users\nguye\.stmcufinder\plugins\mcufinder\mcu\mcuFinder.mfd doesn't exist
2022-11-03 15:46:43,877 [INFO] ApiDb:249 - Set database path to: C:\Users\nguye\.stmcufinder\plugins\mcufinder//mcu/
2022-11-03 15:46:43,878 [INFO] DbMcusAds:124 - Set database path to: C:\Users\nguye\.stmcufinder\plugins\mcufinder//mcu/
2022-11-03 15:46:44,876 [INFO] CrossReferenceDbSqlite:201 - Set database path to: C:\Users\nguye\.stmcufinder\plugins\mcufinder//mcu/cs/
2022-11-03 15:46:44,937 [INFO] RulesReader:61 - Compatibility file has been processed (282 Rules)
2022-11-03 15:46:44,990 [INFO] DbMcusXml:77 - Set database path to: C:\ST\STM32CubeIDE_1.10.1\STM32CubeIDE\plugins\com.st.stm32cube.common.mx_6.6.1.202207061420\\db\/mcu/
2022-11-03 15:46:44,990 [INFO] ApiDb:269 - Set plugin database path to: C:\ST\STM32CubeIDE_1.10.1\STM32CubeIDE\plugins\com.st.stm32cube.common.mx_6.6.1.202207061420\\db\/plugins/boardmanager/
2022-11-03 15:46:44,990 [INFO] ApiDb:256 - Set plugin images path to: C:\ST\STM32CubeIDE_1.10.1\STM32CubeIDE\plugins\com.st.stm32cube.common.mx_6.6.1.202207061420\\db\/plugins/mcufinder/images/
2022-11-03 15:46:44,990 [WARN] DbFile:40 - Overriding database path with different value: C:\Users\nguye\.stmcufinder\plugins\mcufinder/ => C:\Users\nguye\.stmcufinder\plugins\mcufinder
2022-11-03 15:46:44,991 [INFO] ApiDb:249 - Set database path to: C:\Users\nguye\.stmcufinder\plugins\mcufinder//mcu/
2022-11-03 15:46:44,991 [WARN] DbFile:40 - Overriding database path with different value: C:\Users\nguye\.stmcufinder\plugins\mcufinder/ => C:\Users\nguye\.stmcufinder\plugins\mcufinder
2022-11-03 15:46:44,991 [INFO] DbMcusAds:124 - Set database path to: C:\Users\nguye\.stmcufinder\plugins\mcufinder//mcu/
2022-11-03 15:46:44,991 [WARN] DbFile:40 - Overriding database path with different value: C:\Users\nguye\.stmcufinder\plugins\mcufinder/ => C:\Users\nguye\.stmcufinder\plugins\mcufinder
2022-11-03 15:46:44,991 [WARN] DbFile:40 - Overriding database path with different value: C:\Users\nguye\.stmcufinder\plugins\mcufinder/ => C:\Users\nguye\.stmcufinder\plugins\mcufinder
2022-11-03 15:46:45,871 [INFO] CrossReferenceDbSqlite:201 - Set database path to: C:\Users\nguye\.stmcufinder\plugins\mcufinder//mcu/cs/
2022-11-03 15:46:45,916 [INFO] MainPanel:242 - HeapMemory: 393216000
2022-11-03 15:46:45,970 [INFO] DbMcusXml:77 - Set database path to: C:\ST\STM32CubeIDE_1.10.1\STM32CubeIDE\plugins\com.st.stm32cube.common.mx_6.6.1.202207061420\\db\/mcu/
2022-11-03 15:46:45,970 [INFO] ApiDb:269 - Set plugin database path to: C:\ST\STM32CubeIDE_1.10.1\STM32CubeIDE\plugins\com.st.stm32cube.common.mx_6.6.1.202207061420\\db\/plugins/boardmanager/
2022-11-03 15:46:45,971 [INFO] ApiDb:256 - Set plugin images path to: C:\ST\STM32CubeIDE_1.10.1\STM32CubeIDE\plugins\com.st.stm32cube.common.mx_6.6.1.202207061420\\db\/plugins/mcufinder/images/
2022-11-03 15:46:45,971 [WARN] DbFile:40 - Overriding database path with different value: C:\Users\nguye\.stmcufinder\plugins\mcufinder/ => C:\Users\nguye\.stmcufinder\plugins\mcufinder
2022-11-03 15:46:45,971 [INFO] ApiDb:249 - Set database path to: C:\Users\nguye\.stmcufinder\plugins\mcufinder//mcu/
2022-11-03 15:46:45,971 [WARN] DbFile:40 - Overriding database path with different value: C:\Users\nguye\.stmcufinder\plugins\mcufinder/ => C:\Users\nguye\.stmcufinder\plugins\mcufinder
2022-11-03 15:46:45,971 [INFO] DbMcusAds:124 - Set database path to: C:\Users\nguye\.stmcufinder\plugins\mcufinder//mcu/
2022-11-03 15:46:45,971 [WARN] DbFile:40 - Overriding database path with different value: C:\Users\nguye\.stmcufinder\plugins\mcufinder/ => C:\Users\nguye\.stmcufinder\plugins\mcufinder
2022-11-03 15:46:45,971 [WARN] DbFile:40 - Overriding database path with different value: C:\Users\nguye\.stmcufinder\plugins\mcufinder/ => C:\Users\nguye\.stmcufinder\plugins\mcufinder
2022-11-03 15:46:46,881 [INFO] CrossReferenceDbSqlite:201 - Set database path to: C:\Users\nguye\.stmcufinder\plugins\mcufinder//mcu/cs/
2022-11-03 15:46:46,893 [INFO] ApplicationProperties:181 - Using Application install path: C:\ST\STM32CubeIDE_1.10.1\STM32CubeIDE\plugins\com.st.stm32cube.common.mx_6.6.1.202207061420
2022-11-03 15:46:46,894 [INFO] PluginManage:193 - Search for loadable plugins [exclusion list=, ]
2022-11-03 15:46:46,895 [INFO] PluginManage:307 - Check plugin analytics
2022-11-03 15:46:47,921 [INFO] AnalyticsPlugin:262 - Accepted Software Licenses: 
2022-11-03 15:46:47,922 [INFO] AnalyticsPlugin:264 - Accepted CMSIS Pack Licenses: 
2022-11-03 15:46:47,922 [INFO] AnalyticsPlugin:266 - Accepted Firmware Licenses: 
2022-11-03 15:46:47,926 [INFO] PluginManage:356 - Loaded plugin analytics (category:tool,tabindex:-1)
2022-11-03 15:46:47,926 [INFO] PluginManage:307 - Check plugin cadmodel
2022-11-03 15:46:47,929 [INFO] CADModel:65 - Init CAD model plugin
2022-11-03 15:46:47,929 [INFO] PluginManage:356 - Loaded plugin cadmodel (category:power,tabindex:5)
2022-11-03 15:46:47,929 [INFO] PluginManage:307 - Check plugin clock
2022-11-03 15:46:47,935 [INFO] PluginManage:356 - Loaded plugin clock (category:base,tabindex:2)
2022-11-03 15:46:47,935 [INFO] PluginManage:307 - Check plugin ddr
2022-11-03 15:46:47,938 [INFO] PluginManage:356 - Loaded plugin ddr (category:tool,tabindex:6)
2022-11-03 15:46:47,938 [INFO] PluginManage:307 - Check plugin filemanager
2022-11-03 15:46:48,028 [INFO] PluginManage:356 - Loaded plugin filemanager (category:base,tabindex:10)
2022-11-03 15:46:48,028 [INFO] PluginManage:307 - Check plugin ipmanager
2022-11-03 15:46:48,035 [INFO] PluginManage:356 - Loaded plugin ipmanager (category:base,tabindex:5)
2022-11-03 15:46:48,035 [INFO] PluginManage:307 - Check plugin lpbam
2022-11-03 15:46:48,046 [INFO] PluginManage:356 - Loaded plugin lpbam (category:base,tabindex:0)
2022-11-03 15:46:48,046 [INFO] PluginManage:307 - Check plugin pinoutandconfiguration
2022-11-03 15:46:48,054 [INFO] PluginManage:356 - Loaded plugin pinoutandconfiguration (category:base,tabindex:1)
2022-11-03 15:46:48,054 [INFO] PluginManage:307 - Check plugin pinoutconfig
2022-11-03 15:46:48,076 [INFO] PluginManage:356 - Loaded plugin pinoutconfig (category:base,tabindex:0)
2022-11-03 15:46:48,076 [INFO] PluginManage:307 - Check plugin power
2022-11-03 15:46:48,083 [INFO] PluginManage:356 - Loaded plugin power (category:power,tabindex:4)
2022-11-03 15:46:48,083 [INFO] PluginManage:307 - Check plugin projectmanager
2022-11-03 15:46:48,098 [INFO] PluginManage:356 - Loaded plugin projectmanager (category:projectmanager,tabindex:3)
2022-11-03 15:46:48,099 [INFO] PluginManage:307 - Check plugin thirdparty
2022-11-03 15:46:48,176 [WARN] IntegrityCheckThread:82 - waiting for thirdparty lock release [integrity check]
2022-11-03 15:46:48,176 [INFO] PluginManage:356 - Loaded plugin thirdparty (category:base,tabindex:-1)
2022-11-03 15:46:48,176 [INFO] IntegrityCheckThread:84 - entering critical section [integrity check]
2022-11-03 15:46:48,177 [INFO] PluginManage:307 - Check plugin tools
2022-11-03 15:46:48,178 [INFO] ThirdPartyUpdaterWithRetryManager:70 - Updater plugin not ready yet. [1/15]
2022-11-03 15:46:48,179 [INFO] PluginManage:356 - Loaded plugin tools (category:base,tabindex:7)
2022-11-03 15:46:48,179 [INFO] PluginManage:307 - Check plugin tutovideos
2022-11-03 15:46:48,370 [INFO] PluginManage:356 - Loaded plugin tutovideos (category:base,tabindex:-1)
2022-11-03 15:46:48,370 [INFO] PluginManage:307 - Check plugin updater
2022-11-03 15:46:48,381 [INFO] PluginManage:356 - Loaded plugin updater (category:base,tabindex:12)
2022-11-03 15:46:48,382 [INFO] PluginManage:280 - PluginManage : Loaded plugins [15]
2022-11-03 15:46:48,563 [INFO] PinOutPanel:1468 - setPackage(No Configuration,No Configuration)
2022-11-03 15:46:48,613 [INFO] CADModel:98 - CPN selected for project level
2022-11-03 15:46:48,628 [INFO] IPUIPlugin:79 - create IPUIPlugin
2022-11-03 15:46:48,629 [INFO] PluginManager:217 - loadIPPluginJar : add adc
2022-11-03 15:46:48,631 [INFO] IPUIPlugin:79 - create IPUIPlugin
2022-11-03 15:46:48,631 [INFO] PluginManager:217 - loadIPPluginJar : add aes
2022-11-03 15:46:48,632 [INFO] IPUIPlugin:79 - create IPUIPlugin
2022-11-03 15:46:48,633 [INFO] PluginManager:217 - loadIPPluginJar : add can
2022-11-03 15:46:48,634 [INFO] IPUIPlugin:79 - create IPUIPlugin
2022-11-03 15:46:48,634 [INFO] PluginManager:217 - loadIPPluginJar : add comp
2022-11-03 15:46:48,635 [INFO] IPUIPlugin:79 - create IPUIPlugin
2022-11-03 15:46:48,636 [INFO] PluginManager:217 - loadIPPluginJar : add cryp
2022-11-03 15:46:48,644 [INFO] IPUIPlugin:79 - create IPUIPlugin
2022-11-03 15:46:48,644 [INFO] PluginManager:217 - loadIPPluginJar : add dfsdm
2022-11-03 15:46:48,650 [INFO] IPUIPlugin:79 - create IPUIPlugin
2022-11-03 15:46:48,651 [INFO] PluginManager:217 - loadIPPluginJar : add dma
2022-11-03 15:46:48,653 [INFO] IPUIPlugin:79 - create IPUIPlugin
2022-11-03 15:46:48,653 [INFO] PluginManager:217 - loadIPPluginJar : add dma3
2022-11-03 15:46:48,654 [INFO] IPUIPlugin:79 - create IPUIPlugin
2022-11-03 15:46:48,654 [INFO] PluginManager:217 - loadIPPluginJar : add fatfs
2022-11-03 15:46:48,657 [INFO] IPUIPlugin:79 - create IPUIPlugin
2022-11-03 15:46:48,658 [INFO] PluginManager:217 - loadIPPluginJar : add fmc
2022-11-03 15:46:48,663 [INFO] IPUIPlugin:79 - create IPUIPlugin
2022-11-03 15:46:48,663 [INFO] PluginManager:217 - loadIPPluginJar : add freertos
2022-11-03 15:46:48,664 [INFO] IPUIPlugin:79 - create IPUIPlugin
2022-11-03 15:46:48,664 [INFO] PluginManager:217 - loadIPPluginJar : add genericplugin
2022-11-03 15:46:48,665 [INFO] IPUIPlugin:79 - create IPUIPlugin
2022-11-03 15:46:48,665 [INFO] PluginManager:217 - loadIPPluginJar : add gfxmmu
2022-11-03 15:46:48,669 [INFO] IPUIPlugin:79 - create IPUIPlugin
2022-11-03 15:46:48,670 [INFO] PluginManager:217 - loadIPPluginJar : add gic
2022-11-03 15:46:48,672 [INFO] IPUIPlugin:79 - create IPUIPlugin
2022-11-03 15:46:48,672 [INFO] PluginManager:217 - loadIPPluginJar : add gpio
2022-11-03 15:46:48,674 [INFO] IPUIPlugin:79 - create IPUIPlugin
2022-11-03 15:46:48,674 [INFO] PluginManager:217 - loadIPPluginJar : add gtzc
2022-11-03 15:46:48,676 [INFO] IPUIPlugin:79 - create IPUIPlugin
2022-11-03 15:46:48,676 [INFO] PluginManager:217 - loadIPPluginJar : add hash
2022-11-03 15:46:48,678 [INFO] IPUIPlugin:79 - create IPUIPlugin
2022-11-03 15:46:48,678 [INFO] PluginManager:217 - loadIPPluginJar : add i2c
2022-11-03 15:46:48,681 [INFO] IPUIPlugin:79 - create IPUIPlugin
2022-11-03 15:46:48,681 [INFO] PluginManager:217 - loadIPPluginJar : add i2s
2022-11-03 15:46:48,683 [INFO] IPUIPlugin:79 - create IPUIPlugin
2022-11-03 15:46:48,683 [INFO] PluginManager:217 - loadIPPluginJar : add ipddr
2022-11-03 15:46:48,689 [INFO] IPUIPlugin:79 - create IPUIPlugin
2022-11-03 15:46:48,689 [INFO] PluginManager:217 - loadIPPluginJar : add linkedlist
2022-11-03 15:46:48,691 [INFO] IPUIPlugin:79 - create IPUIPlugin
2022-11-03 15:46:48,691 [INFO] PluginManager:217 - loadIPPluginJar : add lorawan
2022-11-03 15:46:48,692 [INFO] IPUIPlugin:79 - create IPUIPlugin
2022-11-03 15:46:48,692 [INFO] PluginManager:217 - loadIPPluginJar : add ltdc
2022-11-03 15:46:48,696 [INFO] IPUIPlugin:79 - create IPUIPlugin
2022-11-03 15:46:48,696 [INFO] PluginManager:217 - loadIPPluginJar : add mdma
2022-11-03 15:46:48,700 [INFO] IPUIPlugin:79 - create IPUIPlugin
2022-11-03 15:46:48,700 [INFO] PluginManager:217 - loadIPPluginJar : add nvic
2022-11-03 15:46:48,701 [INFO] IPUIPlugin:79 - create IPUIPlugin
2022-11-03 15:46:48,702 [INFO] PluginManager:217 - loadIPPluginJar : add opamp
2022-11-03 15:46:48,704 [INFO] IPUIPlugin:79 - create IPUIPlugin
2022-11-03 15:46:48,704 [INFO] PluginManager:217 - loadIPPluginJar : add openamp
2022-11-03 15:46:48,707 [INFO] IPUIPlugin:79 - create IPUIPlugin
2022-11-03 15:46:48,707 [INFO] PluginManager:217 - loadIPPluginJar : add pdm2pcm
2022-11-03 15:46:48,711 [INFO] IPUIPlugin:79 - create IPUIPlugin
2022-11-03 15:46:48,713 [INFO] PluginManager:217 - loadIPPluginJar : add plateformsettings
2022-11-03 15:46:48,715 [INFO] IPUIPlugin:79 - create IPUIPlugin
2022-11-03 15:46:48,715 [INFO] PluginManager:217 - loadIPPluginJar : add quadspi
2022-11-03 15:46:48,717 [INFO] IPUIPlugin:79 - create IPUIPlugin
2022-11-03 15:46:48,717 [INFO] PluginManager:217 - loadIPPluginJar : add resmgrutility
2022-11-03 15:46:48,719 [INFO] IPUIPlugin:79 - create IPUIPlugin
2022-11-03 15:46:48,719 [INFO] PluginManager:217 - loadIPPluginJar : add sai
2022-11-03 15:46:48,720 [INFO] IPUIPlugin:79 - create IPUIPlugin
2022-11-03 15:46:48,720 [INFO] PluginManager:217 - loadIPPluginJar : add spi
2022-11-03 15:46:48,724 [INFO] IPUIPlugin:79 - create IPUIPlugin
2022-11-03 15:46:48,724 [INFO] PluginManager:217 - loadIPPluginJar : add stm32_wpan
2022-11-03 15:46:48,726 [INFO] IPUIPlugin:79 - create IPUIPlugin
2022-11-03 15:46:48,726 [INFO] PluginManager:217 - loadIPPluginJar : add tim
2022-11-03 15:46:48,728 [INFO] IPUIPlugin:79 - create IPUIPlugin
2022-11-03 15:46:48,729 [INFO] PluginManager:217 - loadIPPluginJar : add touchsensing
2022-11-03 15:46:48,730 [INFO] IPUIPlugin:79 - create IPUIPlugin
2022-11-03 15:46:48,730 [INFO] PluginManager:217 - loadIPPluginJar : add tracer_emb
2022-11-03 15:46:48,731 [INFO] IPUIPlugin:79 - create IPUIPlugin
2022-11-03 15:46:48,731 [INFO] PluginManager:217 - loadIPPluginJar : add ts
2022-11-03 15:46:48,732 [INFO] IPUIPlugin:79 - create IPUIPlugin
2022-11-03 15:46:48,732 [INFO] PluginManager:217 - loadIPPluginJar : add tsc
2022-11-03 15:46:48,733 [INFO] IPUIPlugin:79 - create IPUIPlugin
2022-11-03 15:46:48,733 [INFO] PluginManager:217 - loadIPPluginJar : add ucpd
2022-11-03 15:46:48,735 [INFO] IPUIPlugin:79 - create IPUIPlugin
2022-11-03 15:46:48,735 [INFO] PluginManager:217 - loadIPPluginJar : add usart
2022-11-03 15:46:48,737 [INFO] IPUIPlugin:79 - create IPUIPlugin
2022-11-03 15:46:48,737 [INFO] PluginManager:217 - loadIPPluginJar : add usbx
2022-11-03 15:46:48,962 [FATAL] Updater:301 - Updater called before beeing initialized
2022-11-03 15:46:49,040 [FATAL] Updater:301 - Updater called before beeing initialized
2022-11-03 15:46:49,045 [INFO] DbMcusAds:52 - JSON generation date=Thu Sep 30 13:55:09 ICT 2021 (1632984909247)
2022-11-03 15:46:49,047 [FATAL] Updater:301 - Updater called before beeing initialized
2022-11-03 15:46:49,074 [WARN] DetailPanel:344 - Failed to get advertising image, set to default
2022-11-03 15:46:49,175 [FATAL] Updater:301 - Updater called before beeing initialized
2022-11-03 15:46:49,178 [FATAL] Updater:301 - Updater called before beeing initialized
2022-11-03 15:46:49,178 [FATAL] Updater:301 - Updater called before beeing initialized
2022-11-03 15:46:49,178 [WARN] DetailPanel:344 - Failed to get advertising image, set to default
2022-11-03 15:46:49,179 [FATAL] Updater:301 - Updater called before beeing initialized
2022-11-03 15:46:49,237 [ERROR] Updater:1105 - MainUpdater not yet initialized. External WinMGr cannot be set.
2022-11-03 15:46:49,239 [INFO] Updater:1041 - Updater Version found : 6.6.1
2022-11-03 15:46:49,254 [INFO] ApplicationProperties:181 - Using Application install path: C:\ST\STM32CubeIDE_1.10.1\STM32CubeIDE\plugins\com.st.stm32cube.common.mx_6.6.1.202207061420
2022-11-03 15:46:49,275 [INFO] MainUpdater:516 - Copy updater definitions from MX database
2022-11-03 15:46:49,293 [INFO] MainUpdater:549 - Copy flag file definitions from MX database
2022-11-03 15:46:49,295 [INFO] MainUpdater:565 - Copy thirdparty index definitions from MX database
2022-11-03 15:46:49,296 [INFO] MainUpdater:584 - Copy default thirdparty db definitions from MX database
2022-11-03 15:46:49,332 [INFO] MainUpdater:2768 - connection check result : 10
2022-11-03 15:46:49,332 [INFO] MainUpdater:3453 - Updater definition file requires update
2022-11-03 15:46:49,333 [INFO] MainUpdater:280 - Updater Check For Update Now.
2022-11-03 15:46:49,333 [INFO] MicroXplorer:481 - Change Database Version : DB.6.0.60
2022-11-03 15:46:49,358 [INFO] ServerAccessManage:474 - Download File updaters.zip
2022-11-03 15:46:49,430 [INFO] FileExtend:239 - Unzip File : updaters.zip
2022-11-03 15:46:49,430 [INFO] FileExtend:254 - Standard Zip Deflate
2022-11-03 15:46:49,671 [INFO] ServerAccessManage:474 - Download File PacksControlFlags.xml
2022-11-03 15:46:49,707 [INFO] ServerAccessManage:474 - Download File cubemx.pidx
2022-11-03 15:46:49,784 [INFO] ServerAccessManage:474 - Download File STMicroelectronics.FP-ATR-ASTRA1.pdsc
2022-11-03 15:46:49,852 [INFO] ServerAccessManage:474 - Download File STMicroelectronics.FP-ATR-SIGFOX1.pdsc
2022-11-03 15:46:49,932 [INFO] ServerAccessManage:474 - Download File STMicroelectronics.X-CUBE-AI.pdsc
2022-11-03 15:46:50,243 [INFO] ServerAccessManage:474 - Download File STMicroelectronics.X-CUBE-ALS.pdsc
2022-11-03 15:46:50,325 [INFO] ServerAccessManage:474 - Download File STMicroelectronics.X-CUBE-BLE1.pdsc
2022-11-03 15:46:51,054 [ERROR] ServerAccessManage:1090 - Problem, file not found on Server
2022-11-03 15:46:51,092 [INFO] ServerAccessManage:474 - Download File STMicroelectronics.X-CUBE-BLE2.pdsc
2022-11-03 15:46:51,181 [WARN] MainUpdater:1184 - Updater busy. Cannot search thirdparties
2022-11-03 15:46:51,181 [INFO] ThirdPartyUpdaterWithRetryManager:96 - Updater plugin is busy. [1/15]
2022-11-03 15:46:51,326 [INFO] ServerAccessManage:474 - Download File STMicroelectronics.X-CUBE-BLEMGR.pdsc
2022-11-03 15:46:51,416 [INFO] ServerAccessManage:474 - Download File STMicroelectronics.X-CUBE-DISPLAY.pdsc
2022-11-03 15:46:51,579 [INFO] ServerAccessManage:474 - Download File STMicroelectronics.X-CUBE-EEPRMA1.pdsc
2022-11-03 15:46:51,697 [INFO] ServerAccessManage:474 - Download File STMicroelectronics.X-CUBE-GNSS1.pdsc
2022-11-03 15:46:52,335 [ERROR] ServerAccessManage:1090 - Problem, file not found on Server
2022-11-03 15:46:52,757 [ERROR] ServerAccessManage:1090 - Problem, file not found on Server
2022-11-03 15:46:53,295 [ERROR] ServerAccessManage:1090 - Problem, file not found on Server
2022-11-03 15:46:53,722 [ERROR] ServerAccessManage:1090 - Problem, file not found on Server
2022-11-03 15:46:54,153 [ERROR] ServerAccessManage:1090 - Problem, file not found on Server
2022-11-03 15:46:54,187 [WARN] MainUpdater:1184 - Updater busy. Cannot search thirdparties
2022-11-03 15:46:54,187 [INFO] ThirdPartyUpdaterWithRetryManager:96 - Updater plugin is busy. [2/15]
2022-11-03 15:46:54,652 [ERROR] ServerAccessManage:1090 - Problem, file not found on Server
2022-11-03 15:46:54,676 [INFO] ServerAccessManage:474 - Download File STMicroelectronics.X-CUBE-ISPU.pdsc
2022-11-03 15:46:54,759 [INFO] ServerAccessManage:474 - Download File STMicroelectronics.X-CUBE-MEMS1.pdsc
2022-11-03 15:46:55,281 [INFO] ServerAccessManage:474 - Download File STMicroelectronics.X-CUBE-NFC4.pdsc
2022-11-03 15:46:55,600 [INFO] ServerAccessManage:474 - Download File STMicroelectronics.X-CUBE-NFC7.pdsc
2022-11-03 15:46:55,666 [INFO] ServerAccessManage:474 - Download File STMicroelectronics.X-CUBE-SFXS2LP1.pdsc
2022-11-03 15:46:55,848 [INFO] ServerAccessManage:474 - Download File STMicroelectronics.X-CUBE-SUBG2.pdsc
2022-11-03 15:46:56,152 [INFO] ServerAccessManage:474 - Download File STMicroelectronics.X-CUBE-TOF1.pdsc
2022-11-03 15:46:56,747 [ERROR] ServerAccessManage:1090 - Problem, file not found on Server
2022-11-03 15:46:56,805 [INFO] ServerAccessManage:474 - Download File STMicroelectronics.X-CUBE-TOUCHGFX.pdsc
2022-11-03 15:46:57,134 [INFO] ServerAccessManage:474 - Download File STMicroelectronics.X-CUBE-ALGOBUILD.pdsc
2022-11-03 15:46:57,194 [WARN] MainUpdater:1184 - Updater busy. Cannot search thirdparties
2022-11-03 15:46:57,194 [INFO] ThirdPartyUpdaterWithRetryManager:96 - Updater plugin is busy. [3/15]
2022-11-03 15:46:57,316 [INFO] ServerAccessManage:474 - Download File STMicroelectronics.X-CUBE-AZRTOS-H7.pdsc
2022-11-03 15:46:57,507 [INFO] ServerAccessManage:474 - Download File STMicroelectronics.X-CUBE-AZRTOS-F4.pdsc
2022-11-03 15:46:57,630 [INFO] ServerAccessManage:474 - Download File STMicroelectronics.X-CUBE-AZRTOS-F7.pdsc
2022-11-03 15:46:57,804 [INFO] ServerAccessManage:474 - Download File STMicroelectronics.X-CUBE-AZRTOS-L4.pdsc
2022-11-03 15:46:57,905 [INFO] ServerAccessManage:474 - Download File STMicroelectronics.X-CUBE-AZRTOS-L5.pdsc
2022-11-03 15:46:58,032 [INFO] ServerAccessManage:474 - Download File STMicroelectronics.X-CUBE-AZRTOS-G0.pdsc
2022-11-03 15:46:58,211 [INFO] ServerAccessManage:474 - Download File STMicroelectronics.X-CUBE-AZRTOS-G4.pdsc
2022-11-03 15:46:58,333 [INFO] ServerAccessManage:474 - Download File STMicroelectronics.X-CUBE-AZRTOS-WL.pdsc
2022-11-03 15:46:59,415 [INFO] ServerAccessManage:474 - Download File wolfSSL.I-CUBE-wolfSSL.pdsc
2022-11-03 15:47:00,195 [WARN] MainUpdater:1184 - Updater busy. Cannot search thirdparties
2022-11-03 15:47:00,195 [INFO] ThirdPartyUpdaterWithRetryManager:96 - Updater plugin is busy. [4/15]
2022-11-03 15:47:03,195 [WARN] MainUpdater:1184 - Updater busy. Cannot search thirdparties
2022-11-03 15:47:03,195 [INFO] ThirdPartyUpdaterWithRetryManager:96 - Updater plugin is busy. [5/15]
2022-11-03 15:47:03,635 [ERROR] ServerAccessManage:1090 - Problem, file not found on Server
2022-11-03 15:47:04,209 [ERROR] ServerAccessManage:1090 - Problem, file not found on Server
2022-11-03 15:47:04,842 [ERROR] ServerAccessManage:1090 - Problem, file not found on Server
2022-11-03 15:47:06,204 [WARN] MainUpdater:1184 - Updater busy. Cannot search thirdparties
2022-11-03 15:47:06,204 [INFO] ThirdPartyUpdaterWithRetryManager:96 - Updater plugin is busy. [6/15]
2022-11-03 15:47:06,282 [INFO] ServerAccessManage:474 - Download File RoweBots.I-CUBE-UNISONRTOS.pdsc
2022-11-03 15:47:07,519 [ERROR] ServerAccessManage:1090 - Problem, file not found on Server
2022-11-03 15:47:08,151 [ERROR] ServerAccessManage:1090 - Problem, file not found on Server
2022-11-03 15:47:08,714 [ERROR] ServerAccessManage:1090 - Problem, file not found on Server
2022-11-03 15:47:09,210 [WARN] MainUpdater:1184 - Updater busy. Cannot search thirdparties
2022-11-03 15:47:09,210 [INFO] ThirdPartyUpdaterWithRetryManager:96 - Updater plugin is busy. [7/15]
2022-11-03 15:47:09,321 [ERROR] ServerAccessManage:1090 - Problem, file not found on Server
2022-11-03 15:47:09,802 [INFO] MainUpdater:2768 - connection check result : 10
2022-11-03 15:47:10,460 [INFO] ServerAccessManage:474 - Download File SEGGER.I-CUBE-embOS.pdsc
2022-11-03 15:47:12,216 [WARN] MainUpdater:1184 - Updater busy. Cannot search thirdparties
2022-11-03 15:47:12,216 [INFO] ThirdPartyUpdaterWithRetryManager:96 - Updater plugin is busy. [8/15]
2022-11-03 15:47:13,022 [INFO] ServerAccessManage:474 - Download File portGmbH.I-Cube-SoM-uGOAL.pdsc
2022-11-03 15:47:15,136 [ERROR] ServerAccessManage:1090 - Problem, file not found on Server
2022-11-03 15:47:15,217 [WARN] MainUpdater:1184 - Updater busy. Cannot search thirdparties
2022-11-03 15:47:15,217 [INFO] ThirdPartyUpdaterWithRetryManager:96 - Updater plugin is busy. [9/15]
2022-11-03 15:47:15,345 [ERROR] ServerAccessManage:1090 - Problem, file not found on Server
2022-11-03 15:47:15,556 [ERROR] ServerAccessManage:1090 - Problem, file not found on Server
2022-11-03 15:47:16,997 [INFO] ServerAccessManage:474 - Download File emotas.I-CUBE-CANOPEN.pdsc
2022-11-03 15:47:17,916 [WARN] CheckServerUpdateThread:148 - Open CheckUpdateFile Fail
2022-11-03 15:47:17,925 [WARN] PackLoader:242 - Cannot read IP mode file for STMicroelectronics.FP-ATR-ASTRA1.1.1.1
2022-11-03 15:47:17,932 [WARN] PackLoader:242 - Cannot read IP mode file for STMicroelectronics.FP-ATR-SIGFOX1.3.2.0
2022-11-03 15:47:17,935 [WARN] PackLoader:242 - Cannot read IP mode file for STMicroelectronics.X-CUBE-AI.7.3.0
2022-11-03 15:47:17,940 [WARN] PackLoader:242 - Cannot read IP mode file for STMicroelectronics.X-CUBE-ALS.1.0.1
2022-11-03 15:47:17,946 [WARN] PackLoader:242 - Cannot read IP mode file for STMicroelectronics.X-CUBE-BLE1.6.2.3
2022-11-03 15:47:17,950 [WARN] PackLoader:242 - Cannot read IP mode file for STMicroelectronics.X-CUBE-BLE2.3.3.0
2022-11-03 15:47:17,958 [WARN] PackLoader:242 - Cannot read IP mode file for STMicroelectronics.X-CUBE-BLEMGR.1.2.0
2022-11-03 15:47:17,968 [WARN] PackLoader:242 - Cannot read IP mode file for STMicroelectronics.X-CUBE-DISPLAY.2.2.0
2022-11-03 15:47:17,974 [WARN] PackLoader:242 - Cannot read IP mode file for STMicroelectronics.X-CUBE-EEPRMA1.3.1.1
2022-11-03 15:47:17,978 [WARN] PackLoader:242 - Cannot read IP mode file for STMicroelectronics.X-CUBE-GNSS1.6.0.0
2022-11-03 15:47:17,983 [WARN] PackLoader:242 - Cannot read IP mode file for STMicroelectronics.X-CUBE-ISPU.1.0.0
2022-11-03 15:47:18,019 [WARN] PackLoader:242 - Cannot read IP mode file for STMicroelectronics.X-CUBE-MEMS1.9.3.0
2022-11-03 15:47:18,031 [INFO] CheckServerUpdateThread:119 - End of CheckServer Thread
2022-11-03 15:47:18,124 [WARN] PackLoader:242 - Cannot read IP mode file for STMicroelectronics.X-CUBE-NFC4.2.0.4
2022-11-03 15:47:18,129 [WARN] PackLoader:242 - Cannot read IP mode file for STMicroelectronics.X-CUBE-NFC7.1.0.0
2022-11-03 15:47:18,137 [WARN] PackLoader:242 - Cannot read IP mode file for STMicroelectronics.X-CUBE-SFXS2LP1.4.0.0
2022-11-03 15:47:18,138 [INFO] MainUpdater:2768 - connection check result : 10
2022-11-03 15:47:18,148 [WARN] PackLoader:242 - Cannot read IP mode file for STMicroelectronics.X-CUBE-SUBG2.5.0.0
2022-11-03 15:47:18,161 [WARN] PackLoader:242 - Cannot read IP mode file for STMicroelectronics.X-CUBE-TOF1.3.2.0
2022-11-03 15:47:18,172 [WARN] PackLoader:242 - Cannot read IP mode file for STMicroelectronics.X-CUBE-TOUCHGFX.4.20.0
2022-11-03 15:47:18,179 [WARN] PackLoader:242 - Cannot read IP mode file for STMicroelectronics.X-CUBE-ALGOBUILD.1.3.0
2022-11-03 15:47:18,186 [INFO] MicroXplorer:451 - Change Database Path : 
2022-11-03 15:47:18,186 [INFO] MicroXplorer:481 - Change Database Version : DB.6.0.60
2022-11-03 15:47:18,186 [WARN] ThirdParty:827 - waiting for thirdparty lock release [close project]
2022-11-03 15:47:18,205 [WARN] PackLoader:242 - Cannot read IP mode file for STMicroelectronics.X-CUBE-AZRTOS-H7.2.1.0
2022-11-03 15:47:18,227 [WARN] PackLoader:242 - Cannot read IP mode file for STMicroelectronics.X-CUBE-AZRTOS-F4.1.1.0
2022-11-03 15:47:18,250 [WARN] PackLoader:242 - Cannot read IP mode file for STMicroelectronics.X-CUBE-AZRTOS-F7.1.1.0
2022-11-03 15:47:18,273 [WARN] PackLoader:242 - Cannot read IP mode file for STMicroelectronics.X-CUBE-AZRTOS-L4.1.0.0
2022-11-03 15:47:18,296 [WARN] PackLoader:242 - Cannot read IP mode file for STMicroelectronics.X-CUBE-AZRTOS-L5.1.0.0
2022-11-03 15:47:18,323 [WARN] PackLoader:242 - Cannot read IP mode file for STMicroelectronics.X-CUBE-AZRTOS-G0.1.1.0
2022-11-03 15:47:18,332 [WARN] PackLoader:242 - Cannot read IP mode file for STMicroelectronics.X-CUBE-GNSS1.6.0.0
2022-11-03 15:47:18,337 [WARN] PackLoader:242 - Cannot read IP mode file for STMicroelectronics.X-CUBE-AZRTOS-G4.1.0.0
2022-11-03 15:47:18,349 [WARN] PackLoader:242 - Cannot read IP mode file for STMicroelectronics.X-CUBE-AZRTOS-WL.1.0.0
2022-11-03 15:47:18,351 [WARN] PackLoader:242 - Cannot read IP mode file for STMicroelectronics.X-CUBE-AZRTOS-F4.1.1.0
2022-11-03 15:47:18,355 [WARN] PackLoader:242 - Cannot read IP mode file for wolfSSL.I-CUBE-wolfSSL.5.5.1
2022-11-03 15:47:18,362 [WARN] PackLoader:242 - Cannot read IP mode file for RoweBots.I-CUBE-UNISONRTOS.5.5.0-4
2022-11-03 15:47:18,362 [WARN] PackLoader:242 - Cannot read IP mode file for STMicroelectronics.X-CUBE-BLEMGR.1.2.0
2022-11-03 15:47:18,380 [WARN] PackLoader:242 - Cannot read IP mode file for STMicroelectronics.X-CUBE-AZRTOS-F7.1.1.0
2022-11-03 15:47:18,388 [WARN] PackLoader:242 - Cannot read IP mode file for STMicroelectronics.X-CUBE-BLE1.6.2.3
2022-11-03 15:47:18,395 [WARN] PackLoader:242 - Cannot read IP mode file for emotas.I-CUBE-CANOPEN.1.1.3
2022-11-03 15:47:18,402 [WARN] PackLoader:242 - Cannot read IP mode file for STMicroelectronics.X-CUBE-NFC4.2.0.4
2022-11-03 15:47:18,406 [WARN] PackLoader:242 - Cannot read IP mode file for wolfSSL.I-CUBE-wolfSSL.5.5.1
2022-11-03 15:47:18,407 [WARN] PackLoader:242 - Cannot read IP mode file for SEGGER.I-CUBE-embOS.1.2.1
2022-11-03 15:47:18,413 [WARN] PackLoader:242 - Cannot read IP mode file for STMicroelectronics.X-CUBE-NFC7.1.0.0
2022-11-03 15:47:18,455 [WARN] PackLoader:242 - Cannot read IP mode file for portGmbH.I-Cube-SoM-uGOAL.1.1.0
2022-11-03 15:47:18,459 [WARN] PackLoader:242 - Cannot read IP mode file for emotas.I-CUBE-CANOPEN.1.1.3
2022-11-03 15:47:18,460 [INFO] PopulateThirdPartyThread:64 - Ending populate Thread
2022-11-03 15:47:18,461 [WARN] PackLoader:242 - Cannot read IP mode file for STMicroelectronics.X-CUBE-MEMS1.9.3.0
2022-11-03 15:47:18,462 [INFO] ThirdParty:981 - CMSIS Pack Vendor :RoweBots I-CUBE-UNISONRTOS 5.5.0-4
2022-11-03 15:47:18,462 [INFO] ThirdParty:981 - CMSIS Pack Vendor :STMicroelectronics X-CUBE-GNSS1 6.0.0
2022-11-03 15:47:18,463 [INFO] ThirdParty:981 - CMSIS Pack Vendor :STMicroelectronics X-CUBE-AZRTOS-H7 2.1.0
2022-11-03 15:47:18,463 [INFO] ThirdParty:981 - CMSIS Pack Vendor :STMicroelectronics X-CUBE-AZRTOS-F4 1.1.0
2022-11-03 15:47:18,463 [INFO] ThirdParty:981 - CMSIS Pack Vendor :STMicroelectronics FP-ATR-SIGFOX1 3.2.0
2022-11-03 15:47:18,463 [INFO] ThirdParty:981 - CMSIS Pack Vendor :STMicroelectronics X-CUBE-AZRTOS-G4 1.0.0
2022-11-03 15:47:18,463 [INFO] ThirdParty:981 - CMSIS Pack Vendor :STMicroelectronics X-CUBE-AZRTOS-L4 1.0.0
2022-11-03 15:47:18,463 [INFO] ThirdParty:981 - CMSIS Pack Vendor :wolfSSL I-CUBE-wolfSSL 5.5.1
2022-11-03 15:47:18,463 [INFO] ThirdParty:981 - CMSIS Pack Vendor :STMicroelectronics X-CUBE-TOUCHGFX 4.20.0
2022-11-03 15:47:18,463 [INFO] ThirdParty:981 - CMSIS Pack Vendor :STMicroelectronics X-CUBE-NFC7 1.0.0
2022-11-03 15:47:18,463 [INFO] ThirdParty:981 - CMSIS Pack Vendor :STMicroelectronics X-CUBE-BLEMGR 1.2.0
2022-11-03 15:47:18,463 [INFO] ThirdParty:981 - CMSIS Pack Vendor :STMicroelectronics X-CUBE-AZRTOS-WL 1.0.0
2022-11-03 15:47:18,463 [INFO] ThirdParty:981 - CMSIS Pack Vendor :STMicroelectronics X-CUBE-AZRTOS-F7 1.1.0
2022-11-03 15:47:18,463 [INFO] ThirdParty:981 - CMSIS Pack Vendor :STMicroelectronics X-CUBE-ALS 1.0.1
2022-11-03 15:47:18,463 [INFO] ThirdParty:981 - CMSIS Pack Vendor :STMicroelectronics X-CUBE-MEMS1 9.3.0
2022-11-03 15:47:18,463 [INFO] ThirdParty:981 - CMSIS Pack Vendor :portGmbH I-Cube-SoM-uGOAL 1.1.0
2022-11-03 15:47:18,463 [INFO] ThirdParty:981 - CMSIS Pack Vendor :STMicroelectronics X-CUBE-AI 7.3.0
2022-11-03 15:47:18,463 [INFO] ThirdParty:981 - CMSIS Pack Vendor :STMicroelectronics X-CUBE-BLE1 6.2.3
2022-11-03 15:47:18,463 [INFO] ThirdParty:981 - CMSIS Pack Vendor :STMicroelectronics X-CUBE-ALGOBUILD 1.3.0
2022-11-03 15:47:18,463 [INFO] ThirdParty:981 - CMSIS Pack Vendor :STMicroelectronics X-CUBE-AZRTOS-L5 1.0.0
2022-11-03 15:47:18,464 [INFO] ThirdParty:981 - CMSIS Pack Vendor :STMicroelectronics X-CUBE-AZRTOS-G0 1.1.0
2022-11-03 15:47:18,464 [INFO] ThirdParty:981 - CMSIS Pack Vendor :emotas I-CUBE-CANOPEN 1.1.3
2022-11-03 15:47:18,464 [INFO] ThirdParty:981 - CMSIS Pack Vendor :STMicroelectronics X-CUBE-SUBG2 5.0.0
2022-11-03 15:47:18,464 [INFO] ThirdParty:981 - CMSIS Pack Vendor :STMicroelectronics X-CUBE-EEPRMA1 3.1.1
2022-11-03 15:47:18,464 [INFO] ThirdParty:981 - CMSIS Pack Vendor :SEGGER I-CUBE-embOS 1.2.1
2022-11-03 15:47:18,464 [INFO] ThirdParty:981 - CMSIS Pack Vendor :STMicroelectronics X-CUBE-SFXS2LP1 4.0.0
2022-11-03 15:47:18,464 [INFO] ThirdParty:981 - CMSIS Pack Vendor :STMicroelectronics X-CUBE-BLE2 3.3.0
2022-11-03 15:47:18,464 [INFO] ThirdParty:981 - CMSIS Pack Vendor :STMicroelectronics X-CUBE-NFC4 2.0.4
2022-11-03 15:47:18,464 [INFO] ThirdParty:981 - CMSIS Pack Vendor :STMicroelectronics X-CUBE-DISPLAY 2.2.0
2022-11-03 15:47:18,464 [INFO] ThirdParty:981 - CMSIS Pack Vendor :STMicroelectronics X-CUBE-TOF1 3.2.0
2022-11-03 15:47:18,464 [INFO] ThirdParty:981 - CMSIS Pack Vendor :STMicroelectronics FP-ATR-ASTRA1 1.1.1
2022-11-03 15:47:18,464 [INFO] ThirdParty:981 - CMSIS Pack Vendor :STMicroelectronics X-CUBE-ISPU 1.0.0
2022-11-03 15:47:18,466 [INFO] LoadServerUpdatesThread:367 - End of LoadServerUpdate Thread
2022-11-03 15:47:18,567 [WARN] PackLoader:242 - Cannot read IP mode file for STMicroelectronics.X-CUBE-SFXS2LP1.4.0.0
2022-11-03 15:47:18,572 [WARN] PackLoader:242 - Cannot read IP mode file for STMicroelectronics.X-CUBE-BLE2.3.3.0
2022-11-03 15:47:18,578 [WARN] PackLoader:242 - Cannot read IP mode file for STMicroelectronics.X-CUBE-DISPLAY.2.2.0
2022-11-03 15:47:18,588 [WARN] PackLoader:242 - Cannot read IP mode file for STMicroelectronics.X-CUBE-TOF1.3.2.0
2022-11-03 15:47:18,598 [WARN] PackLoader:242 - Cannot read IP mode file for STMicroelectronics.X-CUBE-ISPU.1.0.0
2022-11-03 15:47:18,604 [WARN] PackLoader:242 - Cannot read IP mode file for RoweBots.I-CUBE-UNISONRTOS.5.5.0-4
2022-11-03 15:47:18,626 [WARN] PackLoader:242 - Cannot read IP mode file for STMicroelectronics.X-CUBE-AZRTOS-H7.2.1.0
2022-11-03 15:47:18,634 [WARN] PackLoader:242 - Cannot read IP mode file for STMicroelectronics.X-CUBE-AI.7.3.0
2022-11-03 15:47:18,640 [WARN] PackLoader:242 - Cannot read IP mode file for STMicroelectronics.X-CUBE-ALGOBUILD.1.3.0
2022-11-03 15:47:18,672 [WARN] PackLoader:242 - Cannot read IP mode file for STMicroelectronics.X-CUBE-AZRTOS-G0.1.1.0
2022-11-03 15:47:18,684 [WARN] PackLoader:242 - Cannot read IP mode file for STMicroelectronics.X-CUBE-SUBG2.5.0.0
2022-11-03 15:47:18,727 [WARN] PackLoader:242 - Cannot read IP mode file for SEGGER.I-CUBE-embOS.1.2.1
2022-11-03 15:47:18,767 [WARN] PackLoader:242 - Cannot read IP mode file for STMicroelectronics.FP-ATR-ASTRA1.1.1.1
2022-11-03 15:47:18,779 [WARN] PackLoader:242 - Cannot read IP mode file for STMicroelectronics.X-CUBE-AZRTOS-G4.1.0.0
2022-11-03 15:47:18,785 [WARN] PackLoader:242 - Cannot read IP mode file for STMicroelectronics.FP-ATR-SIGFOX1.3.2.0
2022-11-03 15:47:18,800 [WARN] PackLoader:242 - Cannot read IP mode file for STMicroelectronics.X-CUBE-AZRTOS-L4.1.0.0
2022-11-03 15:47:18,807 [WARN] PackLoader:242 - Cannot read IP mode file for STMicroelectronics.X-CUBE-TOUCHGFX.4.20.0
2022-11-03 15:47:18,816 [WARN] PackLoader:242 - Cannot read IP mode file for STMicroelectronics.X-CUBE-AZRTOS-WL.1.0.0
2022-11-03 15:47:18,822 [WARN] PackLoader:242 - Cannot read IP mode file for portGmbH.I-Cube-SoM-uGOAL.1.1.0
2022-11-03 15:47:18,828 [WARN] PackLoader:242 - Cannot read IP mode file for STMicroelectronics.X-CUBE-ALS.1.0.1
2022-11-03 15:47:18,843 [WARN] PackLoader:242 - Cannot read IP mode file for STMicroelectronics.X-CUBE-AZRTOS-L5.1.0.0
2022-11-03 15:47:18,850 [WARN] PackLoader:242 - Cannot read IP mode file for STMicroelectronics.X-CUBE-EEPRMA1.3.1.1
2022-11-03 15:47:18,852 [INFO] ThirdParty:929 - Integrity check success = true
2022-11-03 15:47:18,852 [INFO] IntegrityCheckThread:98 - exiting critical section [integrity check]
2022-11-03 15:47:18,852 [INFO] IntegrityCheckThread:101 - End integrity checks thread
2022-11-03 15:47:18,852 [INFO] ThirdParty:829 - entering critical section [close project]
2022-11-03 15:47:18,854 [INFO] ThirdParty:839 - exiting critical section [close project]
2022-11-03 15:47:18,857 [INFO] PinOutPanel:1468 - setPackage(No Configuration,No Configuration)
2022-11-03 15:47:18,864 [INFO] UtilMem:74 - Begin LoadConfig() Used Memory: 478461416 Bytes (756023296)
2022-11-03 15:47:18,866 [INFO] MicroXplorer:451 - Change Database Path : 
2022-11-03 15:47:18,866 [INFO] MicroXplorer:481 - Change Database Version : DB.6.0.60
2022-11-03 15:47:18,866 [INFO] OpenFileManager:307 - Change cursor
2022-11-03 15:47:18,902 [INFO] Mcu:1922 - Initializing MCU STM32F103C6Ux STM32F103C6Ux STM32F103C6U6A
2022-11-03 15:47:19,460 [INFO] Context:654 - Trying to add GPIOservice into a context  which must be forbidden
2022-11-03 15:47:19,661 [WARN] ApiManager:308 - Cannot register API 'Board Extension:GNSS1A1' from pack STMicroelectronics.X-CUBE-GNSS1.6.0.0: no header file found
2022-11-03 15:47:19,661 [WARN] ApiManager:308 - Cannot register API 'Board Support:Custom' from pack STMicroelectronics.X-CUBE-GNSS1.6.0.0: no header file found
2022-11-03 15:47:19,661 [WARN] ApiManager:308 - Cannot register API 'Data Exchange:lib_gnss' from pack STMicroelectronics.X-CUBE-GNSS1.6.0.0: no header file found
2022-11-03 15:47:19,674 [WARN] ApiManager:308 - Cannot register API 'Wireless:BlueNRG-MS' from pack STMicroelectronics.X-CUBE-BLE1.6.2.3: no header file found
2022-11-03 15:47:19,676 [INFO] RtosManager:488 - Registered RTOS mode: class=CMSIS, group=RTOS, mode=CMSIS_V1, owner=FREERTOS
2022-11-03 15:47:19,677 [INFO] RtosManager:488 - Registered RTOS mode: class=CMSIS, group=RTOS2, mode=CMSIS_V2, owner=FREERTOS
2022-11-03 15:47:19,677 [INFO] RtosManager:488 - Registered RTOS mode: class=RTOS, group=Core, mode=CMSIS_V1, owner=FREERTOS
2022-11-03 15:47:19,677 [INFO] RtosManager:488 - Registered RTOS mode: class=RTOS, group=Core, mode=CMSIS_V2, owner=FREERTOS
2022-11-03 15:47:19,677 [WARN] ModelIntegratedComponent:185 - Missing modes for component STMicroelectronics:FreeRTOS:0.0.1:STMicroelectronics:RTOS:FreeRTOS:Core:::10.2.0:
2022-11-03 15:47:19,681 [WARN] ApiManager:308 - Cannot register API 'Board Extension:S2868A1' from pack STMicroelectronics.X-CUBE-SUBG2.5.0.0: no header file found
2022-11-03 15:47:19,682 [WARN] ApiManager:308 - Cannot register API 'Board Extension:S2868A2' from pack STMicroelectronics.X-CUBE-SUBG2.5.0.0: no header file found
2022-11-03 15:47:19,682 [WARN] ApiManager:308 - Cannot register API 'Board Extension:S2915A1' from pack STMicroelectronics.X-CUBE-SUBG2.5.0.0: no header file found
2022-11-03 15:47:19,687 [WARN] ApiManager:308 - Cannot register API 'Board Extension:NFC04A1' from pack STMicroelectronics.X-CUBE-NFC4.2.0.4: no header file found
2022-11-03 15:47:19,691 [WARN] ModelIntegratedComponent:64 - No mode defined for component null
2022-11-03 15:47:19,691 [WARN] ModelIntegratedComponent:64 - No mode defined for component null
2022-11-03 15:47:19,692 [WARN] ModelIntegratedComponent:64 - No mode defined for component null
2022-11-03 15:47:19,692 [WARN] ModelIntegratedComponent:64 - No mode defined for component null
2022-11-03 15:47:19,692 [WARN] ModelIntegratedComponent:64 - No mode defined for component null
2022-11-03 15:47:19,692 [WARN] ModelIntegratedComponent:64 - No mode defined for component null
2022-11-03 15:47:19,692 [WARN] ModelIntegratedComponent:64 - No mode defined for component null
2022-11-03 15:47:19,692 [WARN] ModelIntegratedComponent:64 - No mode defined for component null
2022-11-03 15:47:19,692 [WARN] ModelIntegratedComponent:64 - No mode defined for component null
2022-11-03 15:47:19,692 [WARN] ModelIntegratedComponent:64 - No mode defined for component null
2022-11-03 15:47:19,692 [WARN] ModelIntegratedComponent:64 - No mode defined for component null
2022-11-03 15:47:19,692 [WARN] ModelIntegratedComponent:64 - No mode defined for component null
2022-11-03 15:47:19,693 [WARN] ModelIntegratedComponent:64 - No mode defined for component null
2022-11-03 15:47:19,693 [WARN] ModelIntegratedComponent:64 - No mode defined for component null
2022-11-03 15:47:19,693 [WARN] ModelIntegratedComponent:64 - No mode defined for component null
2022-11-03 15:47:19,693 [WARN] ModelIntegratedComponent:64 - No mode defined for component null
2022-11-03 15:47:19,693 [WARN] ModelIntegratedComponent:64 - No mode defined for component null
2022-11-03 15:47:19,693 [WARN] ModelIntegratedComponent:64 - No mode defined for component null
2022-11-03 15:47:19,693 [WARN] ModelIntegratedComponent:64 - No mode defined for component null
2022-11-03 15:47:19,693 [WARN] ModelIntegratedComponent:64 - No mode defined for component null
2022-11-03 15:47:19,693 [WARN] ModelIntegratedComponent:64 - No mode defined for component null
2022-11-03 15:47:19,693 [WARN] ModelIntegratedComponent:64 - No mode defined for component null
2022-11-03 15:47:19,693 [WARN] ModelIntegratedComponent:64 - No mode defined for component null
2022-11-03 15:47:19,694 [WARN] ModelIntegratedComponent:64 - No mode defined for component null
2022-11-03 15:47:19,694 [WARN] ModelIntegratedComponent:64 - No mode defined for component null
2022-11-03 15:47:19,694 [WARN] ModelIntegratedComponent:64 - No mode defined for component null
2022-11-03 15:47:19,694 [WARN] ModelIntegratedComponent:64 - No mode defined for component null
2022-11-03 15:47:19,694 [WARN] ModelIntegratedComponent:64 - No mode defined for component null
2022-11-03 15:47:19,694 [WARN] ModelIntegratedComponent:64 - No mode defined for component null
2022-11-03 15:47:19,694 [WARN] ModelIntegratedComponent:64 - No mode defined for component null
2022-11-03 15:47:19,694 [WARN] ModelIntegratedComponent:64 - No mode defined for component null
2022-11-03 15:47:19,694 [WARN] ModelIntegratedComponent:64 - No mode defined for component null
2022-11-03 15:47:19,694 [WARN] ModelIntegratedComponent:64 - No mode defined for component null
2022-11-03 15:47:19,696 [WARN] ApiManager:308 - Cannot register API 'Board Extension:NFC07A1' from pack STMicroelectronics.X-CUBE-NFC7.1.0.0: no header file found
2022-11-03 15:47:19,749 [WARN] ApiManager:308 - Cannot register API 'Board Extension:IKS01A3' from pack STMicroelectronics.X-CUBE-MEMS1.9.3.0: no header file found
2022-11-03 15:47:19,749 [WARN] ApiManager:308 - Cannot register API 'Board Extension:IKS01A2' from pack STMicroelectronics.X-CUBE-MEMS1.9.3.0: no header file found
2022-11-03 15:47:19,749 [WARN] ApiManager:308 - Cannot register API 'Board Extension:IKS02A1' from pack STMicroelectronics.X-CUBE-MEMS1.9.3.0: no header file found
2022-11-03 15:47:19,755 [WARN] ApiManager:308 - Cannot register API 'Board Extension:EEPRMA1' from pack STMicroelectronics.X-CUBE-EEPRMA1.3.1.1: no header file found
2022-11-03 15:47:19,755 [WARN] ApiManager:308 - Cannot register API 'Board Extension:EEPRMA2' from pack STMicroelectronics.X-CUBE-EEPRMA1.3.1.1: no header file found
2022-11-03 15:47:19,756 [WARN] ApiManager:308 - Cannot register API 'Board Extension:S2868A1' from pack STMicroelectronics.X-CUBE-SFXS2LP1.4.0.0: no header file found
2022-11-03 15:47:19,756 [WARN] ApiManager:308 - Cannot register API 'Board Extension:S2868A2' from pack STMicroelectronics.X-CUBE-SFXS2LP1.4.0.0: no header file found
2022-11-03 15:47:19,756 [WARN] ApiManager:308 - Cannot register API 'Board Extension:S2915A1' from pack STMicroelectronics.X-CUBE-SFXS2LP1.4.0.0: no header file found
2022-11-03 15:47:19,756 [WARN] ApiManager:308 - Cannot register API 'Wireless:BlueNRG-2' from pack STMicroelectronics.X-CUBE-BLE2.3.3.0: no header file found
2022-11-03 15:47:19,764 [INFO] ThirdPartyModel:289 - Start build external matchings
2022-11-03 15:47:19,860 [INFO] ThirdPartyModel:302 - End build external matchings
2022-11-03 15:47:20,010 [INFO] UtilMem:74 - End LoadConfig() Used Memory: 544637720 Bytes (756023296)
2022-11-03 15:47:20,100 [INFO] ApiDb:576 - Connected to CubeFinder SQLite database (C:\Users\nguye\.stmcufinder\plugins\mcufinder\mcu\cube-finder-db.db)
2022-11-03 15:47:20,124 [INFO] ApiDb:663 - CubeFinder database Data Model version=2.1
2022-11-03 15:47:20,124 [INFO] ApiDb:664 - CubeFinder database Configuration version=3.0.32
2022-11-03 15:47:20,124 [INFO] ApiDb:665 - CubeFinder database generation date=2022-06-13 (1655129059)
2022-11-03 15:47:20,124 [INFO] ApiDb:666 - CubeFinder database FW Pack versions=[STM32Cube_FW_C0_V1.0.0, STM32Cube_FW_F4_V1.27.0, STM32Cube_FW_F7_V1.17.0, STM32Cube_FW_G0_V1.6.0, STM32Cube_FW_G4_V1.5.0, STM32Cube_FW_H7_V1.10.0, STM32Cube_FW_L5_V1.4.0, STM32Cube_FW_U5_V1.1.1, STM32Cube_FW_WB_V1.14.0, STM32Cube_FW_WL_V1.2.0, X-CUBE-ALGOBUILD_V1.3.0, X-CUBE-ALS_V1.0.1, X-CUBE-AZRTOS-F4_V1.0.0, X-CUBE-AZRTOS-F7_V1.0.0, X-CUBE-AZRTOS-G0_V1.0.0, X-CUBE-AZRTOS-G4_V1.0.0, X-CUBE-AZRTOS-H7_V2.1.0, X-CUBE-AZRTOS-L4_V1.0.0, X-CUBE-AZRTOS-L5_V1.0.0, X-CUBE-AZRTOS-WL_V1.0.0, X-CUBE-BLE1_V6.2.3, X-CUBE-BLE2_V3.3.0, X-CUBE-EEPRMA1_V3.1.1, X-CUBE-GNSS1_V6.0.0, X-CUBE-MEMS1_V9.1.0, X-CUBE-NFC4_V2.0.3, X-CUBE-NFC7_V1.0.0, X-CUBE-SFXS2LP1_V3.1.0, X-CUBE-SUBG2_V5.0.0]
2022-11-03 15:47:21,321 [INFO] ApiDb:239 - Found 138 in-development CPN: [B-WB1M-WPAN1, NUCLEO-C031C6, STEVAL-STWINBX1, STM320518-EVAL, STM32C0116-DK, STM32C011D6Y3TR, STM32C011D6Y6TR, STM32C011F4P3, STM32C011F4P6, STM32C011F4U3, STM32C011F4U6TR, STM32C011F6P3, STM32C011F6P6, STM32C011F6U3, STM32C011F6U6TR, STM32C011J4M3, STM32C011J4M6, STM32C011J6M3, STM32C011J6M6, STM32C0316-DK, STM32C031C4T3, STM32C031C4T6, STM32C031C4U3, STM32C031C4U6, STM32C031C6T3, STM32C031C6T6, STM32C031C6U3, STM32C031C6U6, STM32C031F4P3, STM32C031F4P6, STM32C031F6P3, STM32C031F6P6, STM32C031G4U3, STM32C031G4U6, STM32C031G6U3, STM32C031G6U6, STM32C031K4T3, STM32C031K4T6, STM32C031K4U3, STM32C031K4U6, STM32C031K6T3, STM32C031K6T6, STM32C031K6U3, STM32C031K6U6, STM32G071K8TXN, STM32G071K8UXN, STM32G081GBU6N, STM32G081KBT6N, STM32G081KBUXN, STM32G0B1CCT6N, STM32G0B1KCT6, STM32G0B1NEY6TR, STM32G0B1RCT6N, STM32G0C1CCT6, STM32G0C1CCT6N, STM32G0C1CCU6N, STM32G0C1CET6N, STM32G0C1CEU6N, STM32G0C1KCT6, STM32G0C1NEY6TR, STM32G0C1RCI6N, STM32G0C1RCT6N, STM32G0C1REI6N, STM32G0C1RET6N, STM32G0C1VCI6, STM32G0C1VEI6, STM32G471CCT6, STM32G471CCU6, STM32G471CET3, STM32G471CET6, STM32G471CEU3, STM32G471CEU6, STM32G471MCT6, STM32G471MET3, STM32G471MET6, STM32G471MEY6TR, STM32G471QCT6, STM32G471QET3, STM32G471RCT6, STM32G471RET3, STM32G471RET6, STM32G471VCH6, STM32G471VCI6, STM32G471VCT6, STM32G471VEH3, STM32G471VEH6, STM32G471VEI3, STM32G471VEI6, STM32G471VET3, STM32G471VET6, STM32G474CCT6, STM32L476VGY6PTR, STM32L4R5QGI6STR, STM32MP131AAE3, STM32MP131AAF3, STM32MP131AAG3, STM32MP131CAE3, STM32MP131CAF3, STM32MP131CAG3, STM32MP131DAE7, STM32MP131DAF7, STM32MP131DAG7, STM32MP131FAE7, STM32MP131FAF7, STM32MP131FAG7, STM32MP133AAE3, STM32MP133AAF3, STM32MP133AAG3, STM32MP133CAE3, STM32MP133CAF3, STM32MP133CAG3, STM32MP133DAE7, STM32MP133DAF7, STM32MP133DAG7, STM32MP133FAE7, STM32MP133FAF7, STM32MP133FAG7, STM32MP135AAE3, STM32MP135AAF3, STM32MP135AAG3, STM32MP135CAE3, STM32MP135CAF3, STM32MP135CAG3, STM32MP135DAE7, STM32MP135DAF7, STM32MP135DAG7, STM32MP135F-DK, STM32MP135FAE7, STM32MP135FAF7, STM32MP135FAG7, STM32U595ZJT6Q, STM32U599BJY6QTR, STM32U599NIH6Q, STM32U599NJH6Q, STM32U5A5ZJT6Q, STM32U5A9BJY6QTR, STM32U5A9NJH6Q, STM32WB1MMCH6]
2022-11-03 15:47:21,323 [INFO] DbMcus:215 - Found 3542 MCUs, 3542 are supported
2022-11-03 15:47:21,323 [INFO] ApiDb:409 - User favorites file not found: C:\Users\nguye/.stm32cubeide/favorites.mcus.txt
2022-11-03 15:47:21,324 [INFO] DbMcus:221 - Set 0 / 0 favorites MCUs
2022-11-03 15:47:21,329 [WARN] ThirdParty:789 - waiting for thirdparty lock release [change project]
2022-11-03 15:47:21,329 [INFO] ThirdParty:791 - entering critical section [change project]
2022-11-03 15:47:21,329 [INFO] ThirdParty:981 - CMSIS Pack Vendor :RoweBots I-CUBE-UNISONRTOS 5.5.0-4
2022-11-03 15:47:21,329 [INFO] ThirdParty:981 - CMSIS Pack Vendor :STMicroelectronics X-CUBE-GNSS1 6.0.0
2022-11-03 15:47:21,329 [INFO] ThirdParty:981 - CMSIS Pack Vendor :STMicroelectronics X-CUBE-AZRTOS-H7 2.1.0
2022-11-03 15:47:21,329 [INFO] ThirdParty:981 - CMSIS Pack Vendor :STMicroelectronics USB_HOST 2.0.0
2022-11-03 15:47:21,329 [INFO] ThirdParty:981 - CMSIS Pack Vendor :STMicroelectronics X-CUBE-AZRTOS-F4 1.1.0
2022-11-03 15:47:21,329 [INFO] ThirdParty:981 - CMSIS Pack Vendor :STMicroelectronics LIBJPEG 8.0.0
2022-11-03 15:47:21,329 [INFO] ThirdParty:981 - CMSIS Pack Vendor :STMicroelectronics USB_DEVICE 3.0.0
2022-11-03 15:47:21,329 [INFO] ThirdParty:981 - CMSIS Pack Vendor :STMicroelectronics X-CUBE-BLEMGR 1.2.0
2022-11-03 15:47:21,329 [INFO] ThirdParty:981 - CMSIS Pack Vendor :STMicroelectronics X-CUBE-AZRTOS-F7 1.1.0
2022-11-03 15:47:21,329 [INFO] ThirdParty:981 - CMSIS Pack Vendor :STMicroelectronics USB_DEVICE 2.0.0
2022-11-03 15:47:21,329 [INFO] ThirdParty:981 - CMSIS Pack Vendor :STMicroelectronics X-CUBE-AI 7.3.0
2022-11-03 15:47:21,329 [INFO] ThirdParty:981 - CMSIS Pack Vendor :STMicroelectronics X-CUBE-BLE1 6.2.3
2022-11-03 15:47:21,329 [INFO] ThirdParty:981 - CMSIS Pack Vendor :STMicroelectronics X-CUBE-ALGOBUILD 1.3.0
2022-11-03 15:47:21,329 [INFO] ThirdParty:981 - CMSIS Pack Vendor :STMicroelectronics FreeRTOS 0.0.1
2022-11-03 15:47:21,329 [INFO] ThirdParty:981 - CMSIS Pack Vendor :emotas I-CUBE-CANOPEN 1.1.3
2022-11-03 15:47:21,329 [INFO] ThirdParty:981 - CMSIS Pack Vendor :STMicroelectronics X-CUBE-AZRTOS-G0 1.1.0
2022-11-03 15:47:21,329 [INFO] ThirdParty:981 - CMSIS Pack Vendor :STMicroelectronics X-CUBE-SUBG2 5.0.0
2022-11-03 15:47:21,329 [INFO] ThirdParty:981 - CMSIS Pack Vendor :STMicroelectronics STM32_WPAN 1.0.0
2022-11-03 15:47:21,329 [INFO] ThirdParty:981 - CMSIS Pack Vendor :SEGGER I-CUBE-embOS 1.2.1
2022-11-03 15:47:21,329 [INFO] ThirdParty:981 - CMSIS Pack Vendor :STMicroelectronics lwIP 2.0.3
2022-11-03 15:47:21,329 [INFO] ThirdParty:981 - CMSIS Pack Vendor :STMicroelectronics X-CUBE-NFC4 2.0.4
2022-11-03 15:47:21,329 [INFO] ThirdParty:981 - CMSIS Pack Vendor :STMicroelectronics USB_HOST 1.0.0
2022-11-03 15:47:21,330 [INFO] ThirdParty:981 - CMSIS Pack Vendor :STMicroelectronics PDM2PCM 3.1.0
2022-11-03 15:47:21,330 [INFO] ThirdParty:981 - CMSIS Pack Vendor :STMicroelectronics FP-ATR-ASTRA1 1.1.1
2022-11-03 15:47:21,330 [INFO] ThirdParty:981 - CMSIS Pack Vendor :STMicroelectronics PDM2PCM 3.3.0
2022-11-03 15:47:21,330 [INFO] ThirdParty:981 - CMSIS Pack Vendor :STMicroelectronics X-CUBE-AZRTOS-G4 1.0.0
2022-11-03 15:47:21,330 [INFO] ThirdParty:981 - CMSIS Pack Vendor :STMicroelectronics FP-ATR-SIGFOX1 3.2.0
2022-11-03 15:47:21,330 [INFO] ThirdParty:981 - CMSIS Pack Vendor :STMicroelectronics X-CUBE-AZRTOS-L4 1.0.0
2022-11-03 15:47:21,330 [INFO] ThirdParty:981 - CMSIS Pack Vendor :wolfSSL I-CUBE-wolfSSL 5.5.1
2022-11-03 15:47:21,330 [INFO] ThirdParty:981 - CMSIS Pack Vendor :STMicroelectronics HAL Drivers 0.0.0
2022-11-03 15:47:21,330 [INFO] ThirdParty:981 - CMSIS Pack Vendor :STMicroelectronics MBEDTLS 2.16.2
2022-11-03 15:47:21,330 [INFO] ThirdParty:981 - CMSIS Pack Vendor :STMicroelectronics X-CUBE-TOUCHGFX 4.20.0
2022-11-03 15:47:21,330 [INFO] ThirdParty:981 - CMSIS Pack Vendor :STMicroelectronics MBEDTLS 2.14.1
2022-11-03 15:47:21,330 [INFO] ThirdParty:981 - CMSIS Pack Vendor :STMicroelectronics X-CUBE-NFC7 1.0.0
2022-11-03 15:47:21,330 [INFO] ThirdParty:981 - CMSIS Pack Vendor :STMicroelectronics X-CUBE-AZRTOS-WL 1.0.0
2022-11-03 15:47:21,330 [INFO] ThirdParty:981 - CMSIS Pack Vendor :STMicroelectronics X-CUBE-MEMS1 9.3.0
2022-11-03 15:47:21,330 [INFO] ThirdParty:981 - CMSIS Pack Vendor :portGmbH I-Cube-SoM-uGOAL 1.1.0
2022-11-03 15:47:21,330 [INFO] ThirdParty:981 - CMSIS Pack Vendor :STMicroelectronics X-CUBE-ALS 1.0.1
2022-11-03 15:47:21,330 [INFO] ThirdParty:981 - CMSIS Pack Vendor :STMicroelectronics ThreadX 1.0.0
2022-11-03 15:47:21,330 [INFO] ThirdParty:981 - CMSIS Pack Vendor :STMicroelectronics X-CUBE-AZRTOS-L5 1.0.0
2022-11-03 15:47:21,330 [INFO] ThirdParty:981 - CMSIS Pack Vendor :STMicroelectronics USB_DEVICE 1.0.0
2022-11-03 15:47:21,330 [INFO] ThirdParty:981 - CMSIS Pack Vendor :STMicroelectronics X-CUBE-EEPRMA1 3.1.1
2022-11-03 15:47:21,330 [INFO] ThirdParty:981 - CMSIS Pack Vendor :STMicroelectronics ThreadX 0.0.2
2022-11-03 15:47:21,330 [INFO] ThirdParty:981 - CMSIS Pack Vendor :STMicroelectronics lwIP 2.1.2
2022-11-03 15:47:21,330 [INFO] ThirdParty:981 - CMSIS Pack Vendor :STMicroelectronics X-CUBE-SFXS2LP1 4.0.0
2022-11-03 15:47:21,330 [INFO] ThirdParty:981 - CMSIS Pack Vendor :STMicroelectronics X-CUBE-BLE2 3.3.0
2022-11-03 15:47:21,330 [INFO] ThirdParty:981 - CMSIS Pack Vendor :STMicroelectronics X-CUBE-DISPLAY 2.2.0
2022-11-03 15:47:21,330 [INFO] ThirdParty:981 - CMSIS Pack Vendor :STMicroelectronics X-CUBE-TOF1 3.2.0
2022-11-03 15:47:21,330 [INFO] ThirdParty:981 - CMSIS Pack Vendor :STMicroelectronics PDM2PCM 3.2.0
2022-11-03 15:47:21,330 [INFO] ThirdParty:981 - CMSIS Pack Vendor :STMicroelectronics X-CUBE-ISPU 1.0.0
2022-11-03 15:47:21,330 [INFO] ThirdParty:797 - exiting critical section [change project]
2022-11-03 15:47:21,578 [INFO] PinOutPanel:1468 - setPackage(No Configuration,No Configuration)
2022-11-03 15:47:21,579 [INFO] PinOutPanel:1468 - setPackage(STM32F103C6Ux,UFQFPN48)
2022-11-03 15:47:21,961 [INFO] UtilMem:74 - Before build in PCC Used Memory: 438139848 Bytes (756023296)
2022-11-03 15:47:22,628 [INFO] UtilMem:74 - After build in PCC Used Memory: 623579544 Bytes (756023296)
2022-11-03 15:47:22,663 [INFO] IPUIPlugin:79 - create IPUIPlugin
2022-11-03 15:47:22,664 [INFO] IPUIPlugin:79 - create IPUIPlugin
2022-11-03 15:47:22,664 [INFO] IPUIPlugin:79 - create IPUIPlugin
2022-11-03 15:47:22,664 [INFO] IPUIPlugin:79 - create IPUIPlugin
2022-11-03 15:47:22,665 [INFO] IPUIPlugin:79 - create IPUIPlugin
2022-11-03 15:47:22,665 [INFO] IPUIPlugin:79 - create IPUIPlugin
2022-11-03 15:47:22,666 [INFO] IPUIPlugin:79 - create IPUIPlugin
2022-11-03 15:47:22,666 [INFO] IPUIPlugin:79 - create IPUIPlugin
2022-11-03 15:47:22,667 [INFO] IPUIPlugin:79 - create IPUIPlugin
2022-11-03 15:47:22,667 [INFO] IPUIPlugin:79 - create IPUIPlugin
2022-11-03 15:47:22,667 [INFO] IPUIPlugin:79 - create IPUIPlugin
2022-11-03 15:47:22,668 [INFO] IPUIPlugin:79 - create IPUIPlugin
2022-11-03 15:47:22,668 [INFO] IPUIPlugin:79 - create IPUIPlugin
2022-11-03 15:47:22,668 [INFO] IPUIPlugin:79 - create IPUIPlugin
2022-11-03 15:47:22,668 [INFO] IPUIPlugin:79 - create IPUIPlugin
2022-11-03 15:47:22,668 [INFO] IPUIPlugin:79 - create IPUIPlugin
2022-11-03 15:47:22,670 [INFO] IPUIPlugin:79 - create IPUIPlugin
2022-11-03 15:47:22,671 [INFO] IPUIPlugin:79 - create IPUIPlugin
2022-11-03 15:47:22,671 [INFO] IPUIPlugin:79 - create IPUIPlugin
2022-11-03 15:47:22,671 [INFO] IPUIPlugin:79 - create IPUIPlugin
2022-11-03 15:47:22,672 [INFO] IPUIPlugin:79 - create IPUIPlugin
2022-11-03 15:47:22,672 [INFO] IPUIPlugin:79 - create IPUIPlugin
2022-11-03 15:47:22,672 [INFO] IPUIPlugin:79 - create IPUIPlugin
2022-11-03 15:47:22,873 [INFO] OpenFileManager:327 - Restore cursor
2022-11-03 15:49:57,708 [INFO] UtilMem:74 - End SaveConfig() Used Memory: 494665160 Bytes (756023296)
2022-11-03 15:49:58,750 [INFO] UtilMem:74 - End SaveConfig() Used Memory: 210623312 Bytes (756023296)
2022-11-03 15:50:02,078 [INFO] ServerAccessManage:474 - Download File stm32cube_fw_f1_v180.zip
2022-11-03 15:50:25,249 [ERROR] FileExtend:454 - File entry not found
2022-11-03 15:50:25,249 [INFO] FileExtend:239 - Unzip File : stm32cube_fw_f1_v180.zip
2022-11-03 15:50:25,250 [INFO] FileExtend:254 - Standard Zip Deflate
2022-11-03 15:50:36,058 [INFO] ServerAccessManage:474 - Download File stm32cube_fw_f1_v184.zip
2022-11-03 15:50:43,352 [INFO] FileExtend:239 - Unzip File : stm32cube_fw_f1_v184.zip
2022-11-03 15:50:43,352 [INFO] FileExtend:254 - Standard Zip Deflate
2022-11-03 15:50:46,768 [INFO] LoadServerPackagesThread:190 - End of LoadServerPackages Thread
2022-11-03 15:50:46,891 [INFO] ThirdPartyModel:289 - Start build external matchings
2022-11-03 15:50:46,892 [INFO] UtilMem:74 - End SaveConfig() Used Memory: 200912456 Bytes (1073741824)
2022-11-03 15:50:46,997 [INFO] ThirdPartyModel:302 - End build external matchings
2022-11-03 15:50:47,003 [INFO] CheckServerUpdateThread:119 - End of CheckServer Thread
2022-11-03 15:50:47,297 [INFO] BlockDiagram:2753 - set Specific Code input for plugin: NVIC
2022-11-03 15:50:47,297 [INFO] BlockDiagram:2753 - set Specific Code input for plugin: GPIO
2022-11-03 15:50:47,297 [INFO] BlockDiagram:2753 - set Specific Code input for plugin: RCC
2022-11-03 15:50:47,298 [INFO] CodeGenerator:690 - code generatio: config db path: C:\ST\STM32CubeIDE_1.10.1\STM32CubeIDE\plugins\com.st.stm32cube.common.mx_6.6.1.202207061420\\db\
2022-11-03 15:50:47,451 [INFO] CodeEngine:245 - oldGeneratedFile, C:\Users\nguye\Documents\microcontroller-hcmut\Lab1\Exercise4\MXTmpFiles\license.tmp_save
2022-11-03 15:50:47,732 [INFO] CodeEngine:269 - Generated code: C:\Users\nguye\Documents\microcontroller-hcmut\Lab1\Exercise4\MXTmpFiles\license.tmp
2022-11-03 15:50:47,796 [INFO] CodeEngine:245 - oldGeneratedFile, C:\Users\nguye\Documents\microcontroller-hcmut\Lab1\Exercise4\MXTmpFiles\gpio.tmp_save
2022-11-03 15:50:47,905 [INFO] CodeEngine:269 - Generated code: C:\Users\nguye\Documents\microcontroller-hcmut\Lab1\Exercise4\MXTmpFiles\gpio.tmp
2022-11-03 15:50:47,919 [INFO] CodeEngine:245 - oldGeneratedFile, C:\Users\nguye\Documents\microcontroller-hcmut\Lab1\Exercise4\Core\Src\stm32f1xx_it.c_save
2022-11-03 15:50:48,040 [INFO] CodeEngine:269 - Generated code: C:\Users\nguye\Documents\microcontroller-hcmut\Lab1\Exercise4\Core\Src\stm32f1xx_it.c
2022-11-03 15:50:48,049 [INFO] CodeEngine:245 - oldGeneratedFile, C:\Users\nguye\Documents\microcontroller-hcmut\Lab1\Exercise4\Core\Inc\stm32f1xx_it.h_save
2022-11-03 15:50:48,119 [INFO] CodeEngine:269 - Generated code: C:\Users\nguye\Documents\microcontroller-hcmut\Lab1\Exercise4\Core\Inc\stm32f1xx_it.h
2022-11-03 15:50:48,156 [INFO] CodeEngine:245 - oldGeneratedFile, C:\Users\nguye\Documents\microcontroller-hcmut\Lab1\Exercise4\Core\Src\stm32f1xx_hal_msp.c_save
2022-11-03 15:50:48,241 [INFO] CodeEngine:269 - Generated code: C:\Users\nguye\Documents\microcontroller-hcmut\Lab1\Exercise4\Core\Src\stm32f1xx_hal_msp.c
2022-11-03 15:50:48,245 [INFO] CodeEngine:245 - oldGeneratedFile, C:\Users\nguye\Documents\microcontroller-hcmut\Lab1\Exercise4\MXTmpFiles\system.tmp_save
2022-11-03 15:50:48,298 [INFO] CodeEngine:269 - Generated code: C:\Users\nguye\Documents\microcontroller-hcmut\Lab1\Exercise4\MXTmpFiles\system.tmp
2022-11-03 15:50:48,308 [INFO] CodeEngine:245 - oldGeneratedFile, C:\Users\nguye\Documents\microcontroller-hcmut\Lab1\Exercise4\Core\Inc\stm32f1xx_hal_conf.h_save
2022-11-03 15:50:48,384 [INFO] CodeEngine:269 - Generated code: C:\Users\nguye\Documents\microcontroller-hcmut\Lab1\Exercise4\Core\Inc\stm32f1xx_hal_conf.h
2022-11-03 15:50:48,419 [INFO] CodeEngine:245 - oldGeneratedFile, C:\Users\nguye\Documents\microcontroller-hcmut\Lab1\Exercise4\Core\Inc\main.h_save
2022-11-03 15:50:48,499 [INFO] CodeEngine:269 - Generated code: C:\Users\nguye\Documents\microcontroller-hcmut\Lab1\Exercise4\Core\Inc\main.h
2022-11-03 15:50:48,506 [INFO] CodeEngine:245 - oldGeneratedFile, C:\Users\nguye\Documents\microcontroller-hcmut\Lab1\Exercise4\Core\Src\main.c_save
2022-11-03 15:50:48,623 [INFO] CodeEngine:269 - Generated code: C:\Users\nguye\Documents\microcontroller-hcmut\Lab1\Exercise4\Core\Src\main.c
2022-11-03 15:50:49,042 [INFO] ProjectBuilder:2919 - Time for Copy HAL[1] : 147mS.
2022-11-03 15:50:49,052 [INFO] ProjectBuilder:4117 - Project Generator version: 3.17.1
2022-11-03 15:50:49,197 [INFO] ConfigFileManager:1394 - The Die is : DIE412
2022-11-03 15:50:49,203 [INFO] ApiDbMcu:505 - Load IP Config File for FATFS
2022-11-03 15:50:49,208 [INFO] ApiDbMcu:505 - Load IP Config File for FREERTOS
2022-11-03 15:50:49,213 [INFO] ApiDbMcu:505 - Load IP Config File for USB_DEVICE
2022-11-03 15:50:50,288 [INFO] ProjectBuilder:4285 - Time for Generating toolchain IDE Files: 1235mS.
2022-11-03 15:50:50,289 [INFO] ProjectBuilder:2790 - Time for Copy CMSIS : 1mS.
2022-11-03 15:50:50,291 [INFO] ProjectBuilder:2790 - Time for Copy CMSIS : 0mS.
